#
# There is insufficient memory for the Java Runtime Environment to continue.
# Native memory allocation (malloc) failed to allocate 1552176 bytes for Chunk::new
# Possible reasons:
#   The system is out of physical RAM or swap space
#   In 32 bit mode, the process size limit was hit
# Possible solutions:
#   Reduce memory load on the system
#   Increase physical memory or swap space
#   Check if swap backing store is full
#   Use 64 bit Java on a 64 bit OS
#   Decrease Java heap size (-Xmx/-Xms)
#   Decrease number of Java threads
#   Decrease Java thread stack sizes (-Xss)
#   Set larger code cache with -XX:ReservedCodeCacheSize=
# This output file may be truncated or incomplete.
#
#  Out of Memory Error (allocation.cpp:390), pid=33900, tid=0x00000000000084e4
#
# JRE version: OpenJDK Runtime Environment (8.0_152-b02) (build 1.8.0_152-release-1024-b02)
# Java VM: OpenJDK 64-Bit Server VM (25.152-b02 mixed mode windows-amd64 compressed oops)
# Failed to write core dump. Minidumps are not enabled by default on client versions of Windows
#

---------------  T H R E A D  ---------------

Current thread (0x000000001812b000):  JavaThread "C2 CompilerThread0" daemon [_thread_in_native, id=34020, stack(0x0000000019ae0000,0x0000000019be0000)]

Stack: [0x0000000019ae0000,0x0000000019be0000]
[error occurred during error reporting (printing stack bounds), id 0xc0000005]

Native frames: (J=compiled Java code, j=interpreted, Vv=VM code, C=native code)


Current CompileTask:
C2:  33075 8282       4       com.android.utils.PositionXmlParser::getPositionHelper (757 bytes)


---------------  P R O C E S S  ---------------

Java Threads: ( => current thread )
  0x000000001b3f2000 JavaThread "stdout" daemon [_thread_in_native, id=34392, stack(0x0000000026b50000,0x0000000026c50000)]
  0x000000001b3f5800 JavaThread "stderr" daemon [_thread_in_native, id=34516, stack(0x0000000026a50000,0x0000000026b50000)]
  0x000000001b3f5000 JavaThread "stdout" daemon [_thread_in_native, id=34672, stack(0x0000000026950000,0x0000000026a50000)]
  0x000000001a6af800 JavaThread "stderr" daemon [_thread_in_native, id=33948, stack(0x0000000026850000,0x0000000026950000)]
  0x000000001dedf800 JavaThread "stdout" daemon [_thread_in_native, id=34192, stack(0x0000000026550000,0x0000000026650000)]
  0x000000001dede800 JavaThread "stderr" daemon [_thread_in_native, id=27004, stack(0x0000000026450000,0x0000000026550000)]
  0x000000001dede000 JavaThread "stdout" daemon [_thread_in_native, id=33864, stack(0x0000000026350000,0x0000000026450000)]
  0x000000001dedd000 JavaThread "stderr" daemon [_thread_in_native, id=33856, stack(0x0000000026250000,0x0000000026350000)]
  0x000000001dedc800 JavaThread "queued-resource-processor_8" daemon [_thread_blocked, id=33364, stack(0x0000000026150000,0x0000000026250000)]
  0x000000001ded5000 JavaThread "queued-resource-processor_7" daemon [_thread_blocked, id=33196, stack(0x0000000026050000,0x0000000026150000)]
  0x000000001deda000 JavaThread "queued-resource-processor_6" daemon [_thread_blocked, id=34504, stack(0x0000000025f50000,0x0000000026050000)]
  0x000000001ded8000 JavaThread "queued-resource-processor_5" daemon [_thread_blocked, id=34500, stack(0x0000000025e50000,0x0000000025f50000)]
  0x000000001dedb000 JavaThread "Task worker for ':' Thread 3" [_thread_blocked, id=34308, stack(0x0000000023c80000,0x0000000023d80000)]
  0x000000001ded2000 JavaThread "Task worker for ':' Thread 2" [_thread_blocked, id=34292, stack(0x0000000023b80000,0x0000000023c80000)]
  0x000000001ded8800 JavaThread "Task worker for ':'" [_thread_blocked, id=34432, stack(0x0000000023a80000,0x0000000023b80000)]
  0x000000001ded4000 JavaThread "Cache worker for Build Output Cleanup Cache (D:\Android\TEST\CoolWeather\.gradle\buildOutputCleanup)" [_thread_blocked, id=34316, stack(0x00000000237c0000,0x00000000238c0000)]
  0x000000001ded5800 JavaThread "Cache worker for task history cache (D:\Android\TEST\CoolWeather\.gradle\4.4.1\taskHistory)" [_thread_blocked, id=34228, stack(0x00000000236c0000,0x00000000237c0000)]
  0x000000001ded3800 JavaThread "Cache worker for file content cache (D:\Android\TEST\CoolWeather\.gradle\4.4.1\fileContent)" [_thread_blocked, id=34288, stack(0x00000000235c0000,0x00000000236c0000)]
  0x000000001ded0800 JavaThread "Memory manager" [_thread_blocked, id=32160, stack(0x0000000022340000,0x0000000022440000)]
  0x000000001ded7000 JavaThread "build operations Thread 4" [_thread_blocked, id=34304, stack(0x0000000021c40000,0x0000000021d40000)]
  0x000000001a6af000 JavaThread "build operations Thread 3" [_thread_blocked, id=34380, stack(0x0000000021b40000,0x0000000021c40000)]
  0x000000001a6b4000 JavaThread "build operations Thread 2" [_thread_blocked, id=34376, stack(0x0000000021a40000,0x0000000021b40000)]
  0x000000001a6b1000 JavaThread "build operations" [_thread_blocked, id=16260, stack(0x000000001fca0000,0x000000001fda0000)]
  0x000000001a6ae000 JavaThread "Cache worker for Artifact transforms cache (D:\Android\gradle\caches\transforms-1)" [_thread_blocked, id=34208, stack(0x000000001eaf0000,0x000000001ebf0000)]
  0x000000001b69c800 JavaThread "Cache worker for file hash cache (D:\Android\TEST\CoolWeather\.gradle\4.4.1\fileHashes)" [_thread_blocked, id=31204, stack(0x000000001d820000,0x000000001d920000)]
  0x000000001b183000 JavaThread "File lock request listener" [_thread_in_native, id=25832, stack(0x000000001c750000,0x000000001c850000)]
  0x000000001b28a800 JavaThread "Cache worker for file hash cache (D:\Android\gradle\caches\4.4.1\fileHashes)" [_thread_blocked, id=34256, stack(0x000000001c650000,0x000000001c750000)]
  0x000000001af6b800 JavaThread "Stdin handler" [_thread_blocked, id=34160, stack(0x000000001c350000,0x000000001c450000)]
  0x000000001af6a800 JavaThread "Asynchronous log dispatcher for DefaultDaemonConnection: socket connection from /127.0.0.1:62402 to /127.0.0.1:62403" [_thread_blocked, id=34248, stack(0x000000001c250000,0x000000001c350000)]
  0x000000001af68800 JavaThread "Daemon worker" [_thread_blocked, id=34140, stack(0x000000001c150000,0x000000001c250000)]
  0x000000001af67800 JavaThread "Cancel handler" [_thread_blocked, id=31596, stack(0x000000001c050000,0x000000001c150000)]
  0x000000001add9000 JavaThread "Handler for socket connection from /127.0.0.1:62402 to /127.0.0.1:62403" [_thread_in_native, id=34076, stack(0x000000001bd50000,0x000000001be50000)]
  0x000000001ade5800 JavaThread "Daemon" [_thread_blocked, id=34244, stack(0x000000001bc50000,0x000000001bd50000)]
  0x000000001ae57800 JavaThread "Daemon periodic checks" [_thread_blocked, id=34136, stack(0x000000001bb50000,0x000000001bc50000)]
  0x000000001aecf000 JavaThread "Incoming local TCP Connector on port 62402" [_thread_in_native, id=34116, stack(0x000000001b9b0000,0x000000001bab0000)]
  0x0000000019566000 JavaThread "Service Thread" daemon [_thread_blocked, id=32360, stack(0x0000000019de0000,0x0000000019ee0000)]
  0x00000000194ec800 JavaThread "C1 CompilerThread2" daemon [_thread_blocked, id=27188, stack(0x0000000019ce0000,0x0000000019de0000)]
  0x000000001817c000 JavaThread "C2 CompilerThread1" daemon [_thread_blocked, id=32232, stack(0x0000000019be0000,0x0000000019ce0000)]
=>0x000000001812b000 JavaThread "C2 CompilerThread0" daemon [_thread_in_native, id=34020, stack(0x0000000019ae0000,0x0000000019be0000)]
  0x0000000018116000 JavaThread "Attach Listener" daemon [_thread_blocked, id=33032, stack(0x00000000199e0000,0x0000000019ae0000)]
  0x00000000194e8800 JavaThread "Signal Dispatcher" daemon [_thread_blocked, id=30972, stack(0x00000000198e0000,0x00000000199e0000)]
  0x0000000018107000 JavaThread "Finalizer" daemon [_thread_blocked, id=33404, stack(0x0000000019380000,0x0000000019480000)]
  0x00000000047a1000 JavaThread "Reference Handler" daemon [_thread_blocked, id=30992, stack(0x0000000019280000,0x0000000019380000)]
  0x00000000046b2800 JavaThread "main" [_thread_blocked, id=33984, stack(0x0000000004240000,0x0000000004340000)]

Other Threads:
  0x00000000180e5000 VMThread [stack: 0x0000000019180000,0x0000000019280000] [id=33156]
  0x000000001956f000 WatcherThread [stack: 0x0000000019ee0000,0x0000000019fe0000] [id=34300]

VM state:not at safepoint (normal execution)

VM Mutex/Monitor currently owned by a thread: None

Heap:
 PSYoungGen      total 196096K, used 99714K [0x00000000e0000000, 0x00000000ee680000, 0x0000000100000000)
  eden space 177152K, 56% used [0x00000000e0000000,0x00000000e6160b30,0x00000000ead00000)
  from space 18944K, 0% used [0x00000000ec600000,0x00000000ec600000,0x00000000ed880000)
  to   space 25600K, 0% used [0x00000000ead00000,0x00000000ead00000,0x00000000ec600000)
 ParOldGen       total 157696K, used 42913K [0x00000000a0000000, 0x00000000a9a00000, 0x00000000e0000000)
  object space 157696K, 27% used [0x00000000a0000000,0x00000000a29e86c0,0x00000000a9a00000)
 Metaspace       used 58718K, capacity 60516K, committed 60800K, reserved 1101824K
  class space    used 7861K, capacity 8276K, committed 8320K, reserved 1048576K

Card table byte_map: [0x0000000013b70000,0x0000000013e80000] byte_map_base: 0x0000000013670000

Marking Bits: (ParMarkBitMap*) 0x0000000059724970
 Begin Bits: [0x0000000014480000, 0x0000000015c80000)
 End Bits:   [0x0000000015c80000, 0x0000000017480000)

Polling page: 0x00000000001e0000

CodeCache: size=245760Kb used=24597Kb max_used=24901Kb free=221162Kb
 bounds [0x00000000047b0000, 0x0000000006020000, 0x00000000137b0000]
 total_blobs=8123 nmethods=7344 adapters=691
 compilation: enabled

Compilation events (10 events):
Event: 32.521 Thread 0x00000000194ec800 nmethod 8368 0x0000000005789c90 code [0x0000000005789e40, 0x000000000578a5d8]
Event: 32.521 Thread 0x000000001817c000 nmethod 8363 0x0000000005715350 code [0x00000000057154a0, 0x00000000057156b8]
Event: 32.526 Thread 0x00000000194ec800 8369       3       java.nio.file.FileTreeIterator::next (49 bytes)
Event: 32.527 Thread 0x00000000194ec800 nmethod 8369 0x0000000005599e10 code [0x0000000005599fc0, 0x000000000559a428]
Event: 32.560 Thread 0x000000001817c000 8370       4       java.io.Writer::write (11 bytes)
Event: 32.561 Thread 0x000000001817c000 nmethod 8370 0x0000000005368050 code [0x00000000053681a0, 0x0000000005368238]
Event: 32.563 Thread 0x000000001817c000 8371       4       java.io.OutputStreamWriter::write (9 bytes)
Event: 32.565 Thread 0x000000001817c000 nmethod 8371 0x00000000057028d0 code [0x0000000005702a20, 0x0000000005702b48]
Event: 32.984 Thread 0x00000000194ec800 8372       3       org.gradle.internal.serialize.InputStreamBackedDecoder::readInt (8 bytes)
Event: 32.984 Thread 0x00000000194ec800 nmethod 8372 0x0000000004f26550 code [0x0000000004f266c0, 0x0000000004f268c8]

GC Heap History (10 events):
Event: 10.947 GC heap before
{Heap before GC invocations=9 (full 2):
 PSYoungGen      total 141312K, used 10217K [0x00000000e0000000, 0x00000000eb080000, 0x0000000100000000)
  eden space 131072K, 0% used [0x00000000e0000000,0x00000000e0000000,0x00000000e8000000)
  from space 10240K, 99% used [0x00000000e8000000,0x00000000e89fa638,0x00000000e8a00000)
  to   space 12800K, 0% used [0x00000000ea400000,0x00000000ea400000,0x00000000eb080000)
 ParOldGen       total 59904K, used 11256K [0x00000000a0000000, 0x00000000a3a80000, 0x00000000e0000000)
  object space 59904K, 18% used [0x00000000a0000000,0x00000000a0afe260,0x00000000a3a80000)
 Metaspace       used 34528K, capacity 35208K, committed 35416K, reserved 1079296K
  class space    used 4760K, capacity 4994K, committed 5120K, reserved 1048576K
Event: 11.099 GC heap after
Heap after GC invocations=9 (full 2):
 PSYoungGen      total 141312K, used 0K [0x00000000e0000000, 0x00000000eb080000, 0x0000000100000000)
  eden space 131072K, 0% used [0x00000000e0000000,0x00000000e0000000,0x00000000e8000000)
  from space 10240K, 0% used [0x00000000e8000000,0x00000000e8000000,0x00000000e8a00000)
  to   space 12800K, 0% used [0x00000000ea400000,0x00000000ea400000,0x00000000eb080000)
 ParOldGen       total 100864K, used 19912K [0x00000000a0000000, 0x00000000a6280000, 0x00000000e0000000)
  object space 100864K, 19% used [0x00000000a0000000,0x00000000a1372140,0x00000000a6280000)
 Metaspace       used 34528K, capacity 35208K, committed 35416K, reserved 1079296K
  class space    used 4760K, capacity 4994K, committed 5120K, reserved 1048576K
}
Event: 14.416 GC heap before
{Heap before GC invocations=10 (full 2):
 PSYoungGen      total 141312K, used 131072K [0x00000000e0000000, 0x00000000eb080000, 0x0000000100000000)
  eden space 131072K, 100% used [0x00000000e0000000,0x00000000e8000000,0x00000000e8000000)
  from space 10240K, 0% used [0x00000000e8000000,0x00000000e8000000,0x00000000e8a00000)
  to   space 12800K, 0% used [0x00000000ea400000,0x00000000ea400000,0x00000000eb080000)
 ParOldGen       total 100864K, used 19912K [0x00000000a0000000, 0x00000000a6280000, 0x00000000e0000000)
  object space 100864K, 19% used [0x00000000a0000000,0x00000000a1372140,0x00000000a6280000)
 Metaspace       used 42955K, capacity 43862K, committed 44032K, reserved 1087488K
  class space    used 5853K, capacity 6133K, committed 6144K, reserved 1048576K
Event: 14.441 GC heap after
Heap after GC invocations=10 (full 2):
 PSYoungGen      total 165376K, used 12778K [0x00000000e0000000, 0x00000000ecd80000, 0x0000000100000000)
  eden space 152576K, 0% used [0x00000000e0000000,0x00000000e0000000,0x00000000e9500000)
  from space 12800K, 99% used [0x00000000ea400000,0x00000000eb07a900,0x00000000eb080000)
  to   space 15360K, 0% used [0x00000000e9500000,0x00000000e9500000,0x00000000ea400000)
 ParOldGen       total 100864K, used 21327K [0x00000000a0000000, 0x00000000a6280000, 0x00000000e0000000)
  object space 100864K, 21% used [0x00000000a0000000,0x00000000a14d3dd0,0x00000000a6280000)
 Metaspace       used 42955K, capacity 43862K, committed 44032K, reserved 1087488K
  class space    used 5853K, capacity 6133K, committed 6144K, reserved 1048576K
}
Event: 18.998 GC heap before
{Heap before GC invocations=11 (full 2):
 PSYoungGen      total 165376K, used 165354K [0x00000000e0000000, 0x00000000ecd80000, 0x0000000100000000)
  eden space 152576K, 100% used [0x00000000e0000000,0x00000000e9500000,0x00000000e9500000)
  from space 12800K, 99% used [0x00000000ea400000,0x00000000eb07a900,0x00000000eb080000)
  to   space 15360K, 0% used [0x00000000e9500000,0x00000000e9500000,0x00000000ea400000)
 ParOldGen       total 100864K, used 21327K [0x00000000a0000000, 0x00000000a6280000, 0x00000000e0000000)
  object space 100864K, 21% used [0x00000000a0000000,0x00000000a14d3dd0,0x00000000a6280000)
 Metaspace       used 53150K, capacity 54840K, committed 55040K, reserved 1097728K
  class space    used 7219K, capacity 7610K, committed 7680K, reserved 1048576K
Event: 19.026 GC heap after
Heap after GC invocations=11 (full 2):
 PSYoungGen      total 167936K, used 15336K [0x00000000e0000000, 0x00000000ed880000, 0x0000000100000000)
  eden space 152576K, 0% used [0x00000000e0000000,0x00000000e0000000,0x00000000e9500000)
  from space 15360K, 99% used [0x00000000e9500000,0x00000000ea3fa1e0,0x00000000ea400000)
  to   space 18944K, 0% used [0x00000000ec600000,0x00000000ec600000,0x00000000ed880000)
 ParOldGen       total 100864K, used 26175K [0x00000000a0000000, 0x00000000a6280000, 0x00000000e0000000)
  object space 100864K, 25% used [0x00000000a0000000,0x00000000a198ff88,0x00000000a6280000)
 Metaspace       used 53150K, capacity 54840K, committed 55040K, reserved 1097728K
  class space    used 7219K, capacity 7610K, committed 7680K, reserved 1048576K
}
Event: 25.400 GC heap before
{Heap before GC invocations=12 (full 2):
 PSYoungGen      total 167936K, used 155675K [0x00000000e0000000, 0x00000000ed880000, 0x0000000100000000)
  eden space 152576K, 91% used [0x00000000e0000000,0x00000000e890cbf0,0x00000000e9500000)
  from space 15360K, 99% used [0x00000000e9500000,0x00000000ea3fa1e0,0x00000000ea400000)
  to   space 18944K, 0% used [0x00000000ec600000,0x00000000ec600000,0x00000000ed880000)
 ParOldGen       total 100864K, used 26175K [0x00000000a0000000, 0x00000000a6280000, 0x00000000e0000000)
  object space 100864K, 25% used [0x00000000a0000000,0x00000000a198ff88,0x00000000a6280000)
 Metaspace       used 57122K, capacity 58902K, committed 59028K, reserved 1099776K
  class space    used 7690K, capacity 8117K, committed 8192K, reserved 1048576K
Event: 25.488 GC heap after
Heap after GC invocations=12 (full 2):
 PSYoungGen      total 196096K, used 18940K [0x00000000e0000000, 0x00000000ee680000, 0x0000000100000000)
  eden space 177152K, 0% used [0x00000000e0000000,0x00000000e0000000,0x00000000ead00000)
  from space 18944K, 99% used [0x00000000ec600000,0x00000000ed87f150,0x00000000ed880000)
  to   space 25600K, 0% used [0x00000000ead00000,0x00000000ead00000,0x00000000ec600000)
 ParOldGen       total 100864K, used 36597K [0x00000000a0000000, 0x00000000a6280000, 0x00000000e0000000)
  object space 100864K, 36% used [0x00000000a0000000,0x00000000a23bd638,0x00000000a6280000)
 Metaspace       used 57122K, capacity 58902K, committed 59028K, reserved 1099776K
  class space    used 7690K, capacity 8117K, committed 8192K, reserved 1048576K
}
Event: 25.488 GC heap before
{Heap before GC invocations=13 (full 3):
 PSYoungGen      total 196096K, used 18940K [0x00000000e0000000, 0x00000000ee680000, 0x0000000100000000)
  eden space 177152K, 0% used [0x00000000e0000000,0x00000000e0000000,0x00000000ead00000)
  from space 18944K, 99% used [0x00000000ec600000,0x00000000ed87f150,0x00000000ed880000)
  to   space 25600K, 0% used [0x00000000ead00000,0x00000000ead00000,0x00000000ec600000)
 ParOldGen       total 100864K, used 36597K [0x00000000a0000000, 0x00000000a6280000, 0x00000000e0000000)
  object space 100864K, 36% used [0x00000000a0000000,0x00000000a23bd638,0x00000000a6280000)
 Metaspace       used 57122K, capacity 58902K, committed 59028K, reserved 1099776K
  class space    used 7690K, capacity 8117K, committed 8192K, reserved 1048576K
Event: 25.879 GC heap after
Heap after GC invocations=13 (full 3):
 PSYoungGen      total 196096K, used 0K [0x00000000e0000000, 0x00000000ee680000, 0x0000000100000000)
  eden space 177152K, 0% used [0x00000000e0000000,0x00000000e0000000,0x00000000ead00000)
  from space 18944K, 0% used [0x00000000ec600000,0x00000000ec600000,0x00000000ed880000)
  to   space 25600K, 0% used [0x00000000ead00000,0x00000000ead00000,0x00000000ec600000)
 ParOldGen       total 157696K, used 42913K [0x00000000a0000000, 0x00000000a9a00000, 0x00000000e0000000)
  object space 157696K, 27% used [0x00000000a0000000,0x00000000a29e86c0,0x00000000a9a00000)
 Metaspace       used 57122K, capacity 58902K, committed 59028K, reserved 1099776K
  class space    used 7690K, capacity 8117K, committed 8192K, reserved 1048576K
}

Deoptimization events (10 events):
Event: 31.546 Thread 0x000000001dedb000 Uncommon trap: reason=class_check action=maybe_recompile pc=0x0000000005efe4e8 method=com.google.gson.stream.JsonWriter.beforeName()V @ 16
Event: 31.546 Thread 0x000000001dedb000 Uncommon trap: reason=class_check action=maybe_recompile pc=0x0000000005f0a3c8 method=com.google.gson.stream.JsonWriter.beforeValue()V @ 111
Event: 31.546 Thread 0x000000001dedb000 Uncommon trap: reason=class_check action=maybe_recompile pc=0x0000000005f0a3c8 method=com.google.gson.stream.JsonWriter.beforeValue()V @ 111
Event: 31.546 Thread 0x000000001dedb000 Uncommon trap: reason=class_check action=maybe_recompile pc=0x0000000005efe4e8 method=com.google.gson.stream.JsonWriter.beforeName()V @ 16
Event: 31.546 Thread 0x000000001dedb000 Uncommon trap: reason=class_check action=maybe_recompile pc=0x0000000005efe4e8 method=com.google.gson.stream.JsonWriter.beforeName()V @ 16
Event: 31.546 Thread 0x000000001dedb000 Uncommon trap: reason=class_check action=maybe_recompile pc=0x0000000005efe4e8 method=com.google.gson.stream.JsonWriter.beforeName()V @ 16
Event: 31.552 Thread 0x000000001dedb000 Uncommon trap: reason=bimorphic action=maybe_recompile pc=0x0000000005eebcb8 method=java.io.Writer.write(Ljava/lang/String;)V @ 7
Event: 31.556 Thread 0x000000001dedb000 Uncommon trap: reason=bimorphic action=maybe_recompile pc=0x0000000005eebcb8 method=java.io.Writer.write(Ljava/lang/String;)V @ 7
Event: 32.500 Thread 0x000000001ded8000 Uncommon trap: reason=unstable_if action=reinterpret pc=0x0000000006013dc8 method=java.nio.file.FileTreeWalker.getAttributes(Ljava/nio/file/Path;Z)Ljava/nio/file/attribute/BasicFileAttributes; @ 35
Event: 32.588 Thread 0x000000001ded8000 Uncommon trap: reason=unstable_if action=reinterpret pc=0x00000000058f7574 method=java.lang.String.valueOf(Ljava/lang/Object;)Ljava/lang/String; @ 1

Classes redefined (0 events):
No events

Internal exceptions (10 events):
Event: 19.909 Thread 0x000000001dedb000 Implicit null exception at 0x0000000004d932e2 to 0x0000000004d93821
Event: 22.602 Thread 0x000000001dedb000 Exception <a 'java/lang/NoSuchMethodError': <clinit>> (0x00000000e3dad1a8) thrown at [D:\src\AOSP-openjdk-cygwin\jdk8u\hotspot\src\share\vm\prims\jni.cpp, line 1613]
Event: 22.605 Thread 0x000000001dedb000 Exception <a 'java/lang/NoSuchMethodError': <clinit>> (0x00000000e3db7568) thrown at [D:\src\AOSP-openjdk-cygwin\jdk8u\hotspot\src\share\vm\prims\jni.cpp, line 1613]
Event: 25.198 Thread 0x000000001dedb000 Implicit null exception at 0x0000000005cc1711 to 0x0000000005cbfa95
Event: 26.958 Thread 0x000000001dedb000 Implicit null exception at 0x0000000005dc1717 to 0x0000000005dc1a65
Event: 30.130 Thread 0x000000001dedb000 Implicit null exception at 0x0000000005e3eade to 0x0000000005e3beb9
Event: 30.130 Thread 0x000000001dedb000 Implicit null exception at 0x0000000005e3eade to 0x0000000005e3beb9
Event: 30.148 Thread 0x000000001dedb000 Implicit null exception at 0x0000000005e3eade to 0x0000000005e3beb9
Event: 31.526 Thread 0x000000001af6a800 Implicit null exception at 0x0000000004920360 to 0x0000000004922451
Event: 32.559 Thread 0x000000001ded8000 Exception <a 'java/lang/NoSuchMethodError': java.lang.Object.lambda$negate$1(Ljava/lang/Object;)Z> (0x00000000e607bb00) thrown at [D:\src\AOSP-openjdk-cygwin\jdk8u\hotspot\src\share\vm\interpreter\linkResolver.cpp, line 584]

Events (10 events):
Event: 32.503 Thread 0x000000001817c000 flushing nmethod 0x0000000005c475d0
Event: 32.503 Thread 0x000000001817c000 flushing nmethod 0x0000000005c5b610
Event: 32.503 Thread 0x000000001817c000 flushing nmethod 0x0000000005c5ffd0
Event: 32.542 loading class com/android/builder/internal/aapt/AaptUtils
Event: 32.542 loading class com/android/builder/internal/aapt/AaptUtils done
Event: 32.558 loading class com/google/common/collect/Iterables$4
Event: 32.558 loading class com/google/common/collect/Iterables$4 done
Event: 32.588 Thread 0x000000001ded8000 Uncommon trap: trap_request=0xffffff65 fr.pc=0x00000000058f7574
Event: 32.588 Thread 0x000000001ded8000 DEOPT PACKING pc=0x00000000058f7574 sp=0x0000000025f4ebf0
Event: 32.588 Thread 0x000000001ded8000 DEOPT UNPACKING pc=0x00000000047f557b sp=0x0000000025f4eb88 mode 2


Dynamic libraries:
0x00007ff652240000 - 0x00007ff652271000 	D:\Android\AndroidStudio\jre\bin\java.exe
0x00007ff9a1c90000 - 0x00007ff9a1e70000 	C:\Windows\SYSTEM32\ntdll.dll
0x00007ff99fb70000 - 0x00007ff99fc1e000 	C:\Windows\System32\KERNEL32.DLL
0x00007ff99e090000 - 0x00007ff99e2f6000 	C:\Windows\System32\KERNELBASE.dll
0x00007ff99fa90000 - 0x00007ff99fb31000 	C:\Windows\System32\ADVAPI32.dll
0x00007ff99f8e0000 - 0x00007ff99f97d000 	C:\Windows\System32\msvcrt.dll
0x00007ff99f770000 - 0x00007ff99f7cb000 	C:\Windows\System32\sechost.dll
0x00007ff99f300000 - 0x00007ff99f41f000 	C:\Windows\System32\RPCRT4.dll
0x00007ff99f160000 - 0x00007ff99f2ee000 	C:\Windows\System32\USER32.dll
0x00007ff99f010000 - 0x00007ff99f030000 	C:\Windows\System32\win32u.dll
0x00007ff99fb40000 - 0x00007ff99fb68000 	C:\Windows\System32\GDI32.dll
0x00007ff99e300000 - 0x00007ff99e491000 	C:\Windows\System32\gdi32full.dll
0x00007ff99eec0000 - 0x00007ff99ef5b000 	C:\Windows\System32\msvcp_win.dll
0x00007ff99edc0000 - 0x00007ff99eeb6000 	C:\Windows\System32\ucrtbase.dll
0x00007ff990640000 - 0x00007ff9908a9000 	C:\Windows\WinSxS\amd64_microsoft.windows.common-controls_6595b64144ccf1df_6.0.16299.15_none_cc92fb402215d91d\COMCTL32.dll
0x00007ff9a16d0000 - 0x00007ff9a19d8000 	C:\Windows\System32\combase.dll
0x00007ff99f080000 - 0x00007ff99f0f2000 	C:\Windows\System32\bcryptPrimitives.dll
0x00007ff99fc20000 - 0x00007ff99fc4d000 	C:\Windows\System32\IMM32.DLL
0x0000000058e80000 - 0x0000000058f52000 	D:\Android\AndroidStudio\jre\jre\bin\msvcr100.dll
0x0000000058f60000 - 0x000000005979f000 	D:\Android\AndroidStudio\jre\jre\bin\server\jvm.dll
0x00007ff9a1c50000 - 0x00007ff9a1c58000 	C:\Windows\System32\PSAPI.DLL
0x00007ff9985e0000 - 0x00007ff9985ea000 	C:\Windows\SYSTEM32\VERSION.dll
0x00007ff998f80000 - 0x00007ff998f89000 	C:\Windows\SYSTEM32\WSOCK32.dll
0x00007ff99c280000 - 0x00007ff99c2a3000 	C:\Windows\SYSTEM32\WINMM.dll
0x00007ff99f630000 - 0x00007ff99f69c000 	C:\Windows\System32\WS2_32.dll
0x00007ff99bf80000 - 0x00007ff99bfaa000 	C:\Windows\SYSTEM32\winmmbase.dll
0x00007ff99f030000 - 0x00007ff99f07a000 	C:\Windows\System32\cfgmgr32.dll
0x00007ff998ca0000 - 0x00007ff998caf000 	D:\Android\AndroidStudio\jre\jre\bin\verify.dll
0x00007ff998c00000 - 0x00007ff998c29000 	D:\Android\AndroidStudio\jre\jre\bin\java.dll
0x00007ff995100000 - 0x00007ff995116000 	D:\Android\AndroidStudio\jre\jre\bin\zip.dll
0x00007ff99fda0000 - 0x00007ff9a11d7000 	C:\Windows\System32\SHELL32.dll
0x00007ff99f830000 - 0x00007ff99f8d6000 	C:\Windows\System32\shcore.dll
0x00007ff99e670000 - 0x00007ff99edb7000 	C:\Windows\System32\windows.storage.dll
0x00007ff99f7d0000 - 0x00007ff99f821000 	C:\Windows\System32\shlwapi.dll
0x00007ff99e050000 - 0x00007ff99e061000 	C:\Windows\System32\kernel.appcore.dll
0x00007ff99e000000 - 0x00007ff99e04c000 	C:\Windows\System32\powrprof.dll
0x00007ff99e070000 - 0x00007ff99e08b000 	C:\Windows\System32\profapi.dll
0x00007ff994e70000 - 0x00007ff994e8a000 	D:\Android\AndroidStudio\jre\jre\bin\net.dll
0x00007ff99d810000 - 0x00007ff99d876000 	C:\Windows\system32\mswsock.dll
0x00007ff98ee30000 - 0x00007ff98ee41000 	D:\Android\AndroidStudio\jre\jre\bin\nio.dll
0x00007ff98ca10000 - 0x00007ff98ca2e000 	D:\Android\gradle\native\25\windows-amd64\native-platform.dll
0x00007ff997f10000 - 0x00007ff997f1d000 	D:\Android\AndroidStudio\jre\jre\bin\management.dll
0x00007ff99d9d0000 - 0x00007ff99d9e7000 	C:\Windows\SYSTEM32\CRYPTSP.dll
0x00007ff99d420000 - 0x00007ff99d453000 	C:\Windows\system32\rsaenh.dll
0x00007ff99dae0000 - 0x00007ff99db05000 	C:\Windows\SYSTEM32\bcrypt.dll
0x00007ff99df10000 - 0x00007ff99df39000 	C:\Windows\SYSTEM32\USERENV.dll
0x00007ff99d9f0000 - 0x00007ff99d9fb000 	C:\Windows\SYSTEM32\CRYPTBASE.dll
0x00007ff99d5a0000 - 0x00007ff99d5d9000 	C:\Windows\SYSTEM32\IPHLPAPI.DLL
0x00007ff99f620000 - 0x00007ff99f628000 	C:\Windows\System32\NSI.dll
0x00007ff999080000 - 0x00007ff999096000 	C:\Windows\SYSTEM32\dhcpcsvc6.DLL
0x00007ff998de0000 - 0x00007ff998dfa000 	C:\Windows\SYSTEM32\dhcpcsvc.DLL

VM Arguments:
jvm_args: -Xmx1536m -Dfile.encoding=GBK -Duser.country=CN -Duser.language=zh -Duser.variant 
java_command: org.gradle.launcher.daemon.bootstrap.GradleDaemon 4.4.1
java_class_path (initial): D:\Android\gradle\wrapper\dists\gradle-4.4.1-all\2kpyt0ea6hyxavvt21uml23gd\gradle-4.4.1\lib\gradle-launcher-4.4.1.jar
Launcher Type: SUN_STANDARD

Environment Variables:
PATH=C:\Windows\system32;C:\Windows;C:\Windows\System32\Wbem;C:\Windows\System32\WindowsPowerShell\v1.0\;C:\Program Files (x86)\NVIDIA Corporation\PhysX\Common;C:\Users\Administrator\AppData\Local\Microsoft\WindowsApps;C:\Users\Administrator\AppData\Local\GitHubDesktop\bin
USERNAME=Administrator
OS=Windows_NT
PROCESSOR_IDENTIFIER=Intel64 Family 6 Model 58 Stepping 9, GenuineIntel



---------------  S Y S T E M  ---------------

OS: Windows 10.0 , 64 bit Build 16299 (10.0.16299.15)

CPU:total 4 (initial active 4) (2 cores per cpu, 2 threads per core) family 6 model 58 stepping 9, cmov, cx8, fxsr, mmx, sse, sse2, sse3, ssse3, sse4.1, sse4.2, popcnt, avx, clmul, erms, ht, tsc, tscinvbit, tscinv

Memory: 4k page, physical 8281380k(902300k free), swap 8281380k(5084k free)

vm_info: OpenJDK 64-Bit Server VM (25.152-b02) for windows-amd64 JRE (1.8.0_152-release-1024-b02), built by "builder" with MS VC++ 10.0 (VS2010)

time: Fri Jun 29 17:48:32 2018
elapsed time: 33 seconds (0d 0h 0m 33s)

