#
# There is insufficient memory for the Java Runtime Environment to continue.
# Native memory allocation (malloc) failed to allocate 32784 bytes for Chunk::new
# Possible reasons:
#   The system is out of physical RAM or swap space
#   In 32 bit mode, the process size limit was hit
# Possible solutions:
#   Reduce memory load on the system
#   Increase physical memory or swap space
#   Check if swap backing store is full
#   Use 64 bit Java on a 64 bit OS
#   Decrease Java heap size (-Xmx/-Xms)
#   Decrease number of Java threads
#   Decrease Java thread stack sizes (-Xss)
#   Set larger code cache with -XX:ReservedCodeCacheSize=
# This output file may be truncated or incomplete.
#
#  Out of Memory Error (allocation.cpp:390), pid=22508, tid=0x0000000000005ff8
#
# JRE version: OpenJDK Runtime Environment (8.0_152-b02) (build 1.8.0_152-release-1024-b02)
# Java VM: OpenJDK 64-Bit Server VM (25.152-b02 mixed mode windows-amd64 compressed oops)
# Failed to write core dump. Minidumps are not enabled by default on client versions of Windows
#

---------------  T H R E A D  ---------------

Current thread (0x000000001825a800):  JavaThread "C2 CompilerThread0" daemon [_thread_in_native, id=24568, stack(0x0000000019c10000,0x0000000019d10000)]

Stack: [0x0000000019c10000,0x0000000019d10000]
[error occurred during error reporting (printing stack bounds), id 0xc0000005]

Native frames: (J=compiled Java code, j=interpreted, Vv=VM code, C=native code)


Current CompileTask:
C2:5204604 19590       4       com.android.tools.r8.ir.conversion.JarSourceCode::traceInstruction (266 bytes)


---------------  P R O C E S S  ---------------

Java Threads: ( => current thread )
  0x000000001e74c800 JavaThread "pool-12-thread-2" [_thread_in_vm, id=27924, stack(0x0000000036410000,0x0000000036510000)]
  0x000000001e74e800 JavaThread "pool-13-thread-2" [_thread_in_Java, id=29504, stack(0x0000000036310000,0x0000000036410000)]
  0x000000001b5bb800 JavaThread "pool-14-thread-2" [_thread_blocked, id=30464, stack(0x0000000036210000,0x0000000036310000)]
  0x000000001b5c2000 JavaThread "pool-12-thread-1" [_thread_in_Java, id=29800, stack(0x0000000036110000,0x0000000036210000)]
  0x000000001b5bc000 JavaThread "pool-14-thread-1" [_thread_blocked, id=31372, stack(0x0000000036010000,0x0000000036110000)]
  0x000000001b5c1800 JavaThread "pool-13-thread-1" [_thread_in_Java, id=28832, stack(0x0000000035f10000,0x0000000036010000)]
  0x000000001b5c0800 JavaThread "ForkJoinPool.commonPool-worker-3" daemon [_thread_blocked, id=21360, stack(0x0000000035e10000,0x0000000035f10000)]
  0x000000001b5c0000 JavaThread "ForkJoinPool.commonPool-worker-2" daemon [_thread_blocked, id=24352, stack(0x0000000035d10000,0x0000000035e10000)]
  0x000000001b5b4000 JavaThread "ForkJoinPool.commonPool-worker-1" daemon [_thread_in_native, id=29972, stack(0x0000000035c10000,0x0000000035d10000)]
  0x000000001b5ba800 JavaThread "Worker Daemon Execution" [_thread_blocked, id=31512, stack(0x0000000035a10000,0x0000000035b10000)]
  0x000000001b5be800 JavaThread "Cache worker for Java compile cache (D:\Android\TEST\CoolWeather\.gradle\4.4.1\javaCompile)" [_thread_blocked, id=31384, stack(0x0000000035910000,0x0000000035a10000)]
  0x000000001b5bd800 JavaThread "RMI TCP Connection(33)-127.0.0.1" daemon [_thread_in_native, id=26312, stack(0x0000000035810000,0x0000000035910000)]
  0x000000001b5b3000 JavaThread "Task worker for ':' Thread 3" [_thread_blocked, id=23032, stack(0x0000000033c10000,0x0000000033d10000)]
  0x000000001b5b7800 JavaThread "Task worker for ':' Thread 2" [_thread_blocked, id=29888, stack(0x0000000033b10000,0x0000000033c10000)]
  0x000000001b5b7000 JavaThread "Task worker for ':'" [_thread_blocked, id=30736, stack(0x0000000033a10000,0x0000000033b10000)]
  0x000000001b5b6000 JavaThread "Cache worker for Build Output Cleanup Cache (D:\Android\TEST\CoolWeather\.gradle\buildOutputCleanup)" [_thread_blocked, id=30600, stack(0x0000000033910000,0x0000000033a10000)]
  0x000000001b5b5800 JavaThread "Cache worker for task history cache (D:\Android\TEST\CoolWeather\.gradle\4.4.1\taskHistory)" [_thread_blocked, id=22092, stack(0x0000000033810000,0x0000000033910000)]
  0x000000001b5b9000 JavaThread "Cache worker for file content cache (D:\Android\TEST\CoolWeather\.gradle\4.4.1\fileContent)" [_thread_blocked, id=31196, stack(0x0000000033710000,0x0000000033810000)]
  0x0000000020a7a000 JavaThread "build operations Thread 4" [_thread_blocked, id=25800, stack(0x0000000033610000,0x0000000033710000)]
  0x0000000020a79000 JavaThread "build operations Thread 3" [_thread_blocked, id=30864, stack(0x0000000033510000,0x0000000033610000)]
  0x0000000020a78800 JavaThread "build operations Thread 2" [_thread_blocked, id=28132, stack(0x0000000033410000,0x0000000033510000)]
  0x0000000020a76000 JavaThread "build operations" [_thread_blocked, id=30664, stack(0x0000000033310000,0x0000000033410000)]
  0x0000000020a77800 JavaThread "Cache worker for Artifact transforms cache (D:\Android\gradle\caches\transforms-1)" [_thread_blocked, id=16852, stack(0x0000000033210000,0x0000000033310000)]
  0x0000000020a7b800 JavaThread "Cache worker for file hash cache (D:\Android\TEST\CoolWeather\.gradle\4.4.1\fileHashes)" [_thread_blocked, id=22040, stack(0x0000000033110000,0x0000000033210000)]
  0x0000000020a7a800 JavaThread "Stdin handler" [_thread_blocked, id=31612, stack(0x0000000033010000,0x0000000033110000)]
  0x0000000020a6e800 JavaThread "Asynchronous log dispatcher for DefaultDaemonConnection: socket connection from /127.0.0.1:57802 to /127.0.0.1:53325" [_thread_blocked, id=30396, stack(0x0000000032f10000,0x0000000033010000)]
  0x0000000020a74000 JavaThread "Daemon worker Thread 3" [_thread_blocked, id=21304, stack(0x0000000032e10000,0x0000000032f10000)]
  0x0000000020a73000 JavaThread "Cancel handler" [_thread_blocked, id=30476, stack(0x0000000032d10000,0x0000000032e10000)]
  0x0000000020a74800 JavaThread "Handler for socket connection from /127.0.0.1:57802 to /127.0.0.1:53325" [_thread_in_native, id=27200, stack(0x0000000032c10000,0x0000000032d10000)]
  0x0000000020a75800 JavaThread "Daemon Thread 3" [_thread_blocked, id=29344, stack(0x0000000032b10000,0x0000000032c10000)]
  0x0000000020a70800 JavaThread "RMI Reaper" [_thread_blocked, id=23276, stack(0x000000002c010000,0x000000002c110000)]
  0x0000000020a70000 JavaThread "RMI TCP Accept-0" daemon [_thread_in_native, id=26872, stack(0x000000002bf10000,0x000000002c010000)]
  0x0000000020a6f000 JavaThread "GC Daemon" daemon [_thread_blocked, id=19668, stack(0x000000002be10000,0x000000002bf10000)]
  0x0000000020a72000 JavaThread "RMI Scheduler(0)" daemon [_thread_blocked, id=21220, stack(0x000000002bc10000,0x000000002bd10000)]
  0x000000001e74d000 JavaThread "Memory manager" [_thread_blocked, id=23684, stack(0x0000000022e30000,0x0000000022f30000)]
  0x000000001b3d4000 JavaThread "File lock request listener" [_thread_in_native, id=23380, stack(0x000000001c880000,0x000000001c980000)]
  0x000000001b0b7800 JavaThread "Cache worker for file hash cache (D:\Android\gradle\caches\4.4.1\fileHashes)" [_thread_blocked, id=25664, stack(0x000000001c780000,0x000000001c880000)]
  0x000000001ae0d800 JavaThread "Daemon periodic checks" [_thread_blocked, id=24816, stack(0x000000001bc80000,0x000000001bd80000)]
  0x000000001b03c800 JavaThread "Incoming local TCP Connector on port 57802" [_thread_in_native, id=26108, stack(0x000000001bae0000,0x000000001bbe0000)]
  0x0000000019678000 JavaThread "Service Thread" daemon [_thread_blocked, id=21492, stack(0x0000000019f10000,0x000000001a010000)]
  0x0000000019673000 JavaThread "C1 CompilerThread2" daemon [_thread_blocked, id=24788, stack(0x0000000019e10000,0x0000000019f10000)]
  0x00000000182ab000 JavaThread "C2 CompilerThread1" daemon [_thread_in_native, id=25648, stack(0x0000000019d10000,0x0000000019e10000)]
=>0x000000001825a800 JavaThread "C2 CompilerThread0" daemon [_thread_in_native, id=24568, stack(0x0000000019c10000,0x0000000019d10000)]
  0x00000000182a9800 JavaThread "Attach Listener" daemon [_thread_blocked, id=23236, stack(0x0000000019b10000,0x0000000019c10000)]
  0x0000000019618800 JavaThread "Signal Dispatcher" daemon [_thread_blocked, id=23816, stack(0x0000000019a10000,0x0000000019b10000)]
  0x0000000018237000 JavaThread "Finalizer" daemon [_thread_blocked, id=25636, stack(0x00000000194b0000,0x00000000195b0000)]
  0x00000000048d1000 JavaThread "Reference Handler" daemon [_thread_blocked, id=25884, stack(0x00000000193b0000,0x00000000194b0000)]
  0x00000000047e2800 JavaThread "main" [_thread_blocked, id=26028, stack(0x0000000004350000,0x0000000004450000)]

Other Threads:
  0x0000000018215000 VMThread [stack: 0x00000000192b0000,0x00000000193b0000] [id=25792]
  0x0000000019679800 WatcherThread [stack: 0x000000001a010000,0x000000001a110000] [id=26356]

VM state:not at safepoint (normal execution)

VM Mutex/Monitor currently owned by a thread: None

Heap:
 PSYoungGen      total 195072K, used 194278K [0x00000000e0000000, 0x00000000ee680000, 0x0000000100000000)
  eden space 166400K, 99% used [0x00000000e0000000,0x00000000ea1c0d28,0x00000000ea280000)
  from space 28672K, 99% used [0x00000000ea780000,0x00000000ec378da0,0x00000000ec380000)
  to   space 34816K, 0% used [0x00000000ec480000,0x00000000ec480000,0x00000000ee680000)
 ParOldGen       total 147968K, used 39683K [0x00000000a0000000, 0x00000000a9080000, 0x00000000e0000000)
  object space 147968K, 26% used [0x00000000a0000000,0x00000000a26c0f28,0x00000000a9080000)
 Metaspace       used 91109K, capacity 93861K, committed 95360K, reserved 1132544K
  class space    used 11512K, capacity 12117K, committed 12416K, reserved 1048576K

Card table byte_map: [0x0000000013ca0000,0x0000000013fb0000] byte_map_base: 0x00000000137a0000

Marking Bits: (ParMarkBitMap*) 0x0000000059724970
 Begin Bits: [0x00000000145b0000, 0x0000000015db0000)
 End Bits:   [0x0000000015db0000, 0x00000000175b0000)

Polling page: 0x0000000002740000

CodeCache: size=245760Kb used=56501Kb max_used=56501Kb free=189258Kb
 bounds [0x00000000048e0000, 0x0000000008060000, 0x00000000138e0000]
 total_blobs=16971 nmethods=16079 adapters=802
 compilation: enabled

Compilation events (10 events):
Event: 5203.601 Thread 0x0000000019673000 19797       2       com.android.tools.r8.utils.ProgramClassCollection$$Lambda$425/2097520314::get$Lambda (9 bytes)
Event: 5203.602 Thread 0x0000000019673000 nmethod 19797 0x00000000080515d0 code [0x0000000008051720, 0x00000000080518b0]
Event: 5203.602 Thread 0x0000000019673000 19798       2       com.android.tools.r8.utils.ProgramClassCollection$$Lambda$425/2097520314::<init> (10 bytes)
Event: 5203.602 Thread 0x0000000019673000 nmethod 19798 0x0000000008051950 code [0x0000000008051aa0, 0x0000000008051c10]
Event: 5203.606 Thread 0x0000000019673000 19799       1       com.android.tools.r8.ir.code.ArrayLength::maxOutValueRegister (3 bytes)
Event: 5203.606 Thread 0x0000000019673000 nmethod 19799 0x0000000008051c90 code [0x0000000008051de0, 0x0000000008051ef0]
Event: 5203.606 Thread 0x0000000019673000 19800       1       com.android.tools.r8.ir.code.ArrayLength::maxInValueRegister (3 bytes)
Event: 5203.606 Thread 0x0000000019673000 nmethod 19800 0x0000000008051f50 code [0x00000000080520a0, 0x00000000080521b0]
Event: 5203.608 Thread 0x0000000019673000 19801       2       java.net.URL::getDefaultPort (8 bytes)
Event: 5203.608 Thread 0x0000000019673000 nmethod 19801 0x0000000008052210 code [0x0000000008052380, 0x0000000008052508]

GC Heap History (10 events):
Event: 5172.553 GC heap before
{Heap before GC invocations=25 (full 4):
 PSYoungGen      total 199680K, used 182784K [0x00000000e0000000, 0x00000000ee580000, 0x0000000100000000)
  eden space 182784K, 100% used [0x00000000e0000000,0x00000000eb280000,0x00000000eb280000)
  from space 16896K, 0% used [0x00000000ed500000,0x00000000ed500000,0x00000000ee580000)
  to   space 26112K, 0% used [0x00000000eb280000,0x00000000eb280000,0x00000000ecc00000)
 ParOldGen       total 147968K, used 31891K [0x00000000a0000000, 0x00000000a9080000, 0x00000000e0000000)
  object space 147968K, 21% used [0x00000000a0000000,0x00000000a1f24db8,0x00000000a9080000)
 Metaspace       used 76212K, capacity 78365K, committed 80768K, reserved 1120256K
  class space    used 9816K, capacity 10369K, committed 10880K, reserved 1048576K
Event: 5172.579 GC heap after
Heap after GC invocations=25 (full 4):
 PSYoungGen      total 196096K, used 18453K [0x00000000e0000000, 0x00000000ee300000, 0x0000000100000000)
  eden space 177152K, 0% used [0x00000000e0000000,0x00000000e0000000,0x00000000ead00000)
  from space 18944K, 97% used [0x00000000eb280000,0x00000000ec4854d0,0x00000000ec500000)
  to   space 27648K, 0% used [0x00000000ec800000,0x00000000ec800000,0x00000000ee300000)
 ParOldGen       total 147968K, used 31899K [0x00000000a0000000, 0x00000000a9080000, 0x00000000e0000000)
  object space 147968K, 21% used [0x00000000a0000000,0x00000000a1f26db8,0x00000000a9080000)
 Metaspace       used 76212K, capacity 78365K, committed 80768K, reserved 1120256K
  class space    used 9816K, capacity 10369K, committed 10880K, reserved 1048576K
}
Event: 5192.247 GC heap before
{Heap before GC invocations=26 (full 4):
 PSYoungGen      total 196096K, used 195470K [0x00000000e0000000, 0x00000000ee300000, 0x0000000100000000)
  eden space 177152K, 99% used [0x00000000e0000000,0x00000000eacde388,0x00000000ead00000)
  from space 18944K, 97% used [0x00000000eb280000,0x00000000ec4854d0,0x00000000ec500000)
  to   space 27648K, 0% used [0x00000000ec800000,0x00000000ec800000,0x00000000ee300000)
 ParOldGen       total 147968K, used 31899K [0x00000000a0000000, 0x00000000a9080000, 0x00000000e0000000)
  object space 147968K, 21% used [0x00000000a0000000,0x00000000a1f26db8,0x00000000a9080000)
 Metaspace       used 80573K, capacity 82813K, committed 85120K, reserved 1122304K
  class space    used 10354K, capacity 10883K, committed 11392K, reserved 1048576K
Event: 5192.283 GC heap after
Heap after GC invocations=26 (full 4):
 PSYoungGen      total 195584K, used 20007K [0x00000000e0000000, 0x00000000edf80000, 0x0000000100000000)
  eden space 171520K, 0% used [0x00000000e0000000,0x00000000e0000000,0x00000000ea780000)
  from space 24064K, 83% used [0x00000000ec800000,0x00000000edb89dc8,0x00000000edf80000)
  to   space 28672K, 0% used [0x00000000ea780000,0x00000000ea780000,0x00000000ec380000)
 ParOldGen       total 147968K, used 31907K [0x00000000a0000000, 0x00000000a9080000, 0x00000000e0000000)
  object space 147968K, 21% used [0x00000000a0000000,0x00000000a1f28db8,0x00000000a9080000)
 Metaspace       used 80573K, capacity 82813K, committed 85120K, reserved 1122304K
  class space    used 10354K, capacity 10883K, committed 11392K, reserved 1048576K
}
Event: 5198.727 GC heap before
{Heap before GC invocations=27 (full 4):
 PSYoungGen      total 195584K, used 191527K [0x00000000e0000000, 0x00000000edf80000, 0x0000000100000000)
  eden space 171520K, 100% used [0x00000000e0000000,0x00000000ea780000,0x00000000ea780000)
  from space 24064K, 83% used [0x00000000ec800000,0x00000000edb89dc8,0x00000000edf80000)
  to   space 28672K, 0% used [0x00000000ea780000,0x00000000ea780000,0x00000000ec380000)
 ParOldGen       total 147968K, used 31907K [0x00000000a0000000, 0x00000000a9080000, 0x00000000e0000000)
  object space 147968K, 21% used [0x00000000a0000000,0x00000000a1f28db8,0x00000000a9080000)
 Metaspace       used 86105K, capacity 88647K, committed 90496K, reserved 1128448K
  class space    used 10909K, capacity 11512K, committed 11904K, reserved 1048576K
Event: 5198.775 GC heap after
Heap after GC invocations=27 (full 4):
 PSYoungGen      total 195072K, used 28644K [0x00000000e0000000, 0x00000000ee680000, 0x0000000100000000)
  eden space 166400K, 0% used [0x00000000e0000000,0x00000000e0000000,0x00000000ea280000)
  from space 28672K, 99% used [0x00000000ea780000,0x00000000ec379358,0x00000000ec380000)
  to   space 34816K, 0% used [0x00000000ec480000,0x00000000ec480000,0x00000000ee680000)
 ParOldGen       total 147968K, used 36030K [0x00000000a0000000, 0x00000000a9080000, 0x00000000e0000000)
  object space 147968K, 24% used [0x00000000a0000000,0x00000000a232fa98,0x00000000a9080000)
 Metaspace       used 86105K, capacity 88647K, committed 90496K, reserved 1128448K
  class space    used 10909K, capacity 11512K, committed 11904K, reserved 1048576K
}
Event: 5201.261 GC heap before
{Heap before GC invocations=28 (full 4):
 PSYoungGen      total 195072K, used 195044K [0x00000000e0000000, 0x00000000ee680000, 0x0000000100000000)
  eden space 166400K, 100% used [0x00000000e0000000,0x00000000ea280000,0x00000000ea280000)
  from space 28672K, 99% used [0x00000000ea780000,0x00000000ec379358,0x00000000ec380000)
  to   space 34816K, 0% used [0x00000000ec480000,0x00000000ec480000,0x00000000ee680000)
 ParOldGen       total 147968K, used 36030K [0x00000000a0000000, 0x00000000a9080000, 0x00000000e0000000)
  object space 147968K, 24% used [0x00000000a0000000,0x00000000a232fa98,0x00000000a9080000)
 Metaspace       used 90831K, capacity 93595K, committed 95104K, reserved 1132544K
  class space    used 11495K, capacity 12116K, committed 12416K, reserved 1048576K
Event: 5201.328 GC heap after
Heap after GC invocations=28 (full 4):
 PSYoungGen      total 201216K, used 33734K [0x00000000e0000000, 0x00000000ee680000, 0x0000000100000000)
  eden space 166400K, 0% used [0x00000000e0000000,0x00000000e0000000,0x00000000ea280000)
  from space 34816K, 96% used [0x00000000ec480000,0x00000000ee571b90,0x00000000ee680000)
  to   space 28672K, 0% used [0x00000000ea780000,0x00000000ea780000,0x00000000ec380000)
 ParOldGen       total 147968K, used 36046K [0x00000000a0000000, 0x00000000a9080000, 0x00000000e0000000)
  object space 147968K, 24% used [0x00000000a0000000,0x00000000a2333a98,0x00000000a9080000)
 Metaspace       used 90831K, capacity 93595K, committed 95104K, reserved 1132544K
  class space    used 11495K, capacity 12116K, committed 12416K, reserved 1048576K
}
Event: 5202.517 GC heap before
{Heap before GC invocations=29 (full 4):
 PSYoungGen      total 201216K, used 200134K [0x00000000e0000000, 0x00000000ee680000, 0x0000000100000000)
  eden space 166400K, 100% used [0x00000000e0000000,0x00000000ea280000,0x00000000ea280000)
  from space 34816K, 96% used [0x00000000ec480000,0x00000000ee571b90,0x00000000ee680000)
  to   space 28672K, 0% used [0x00000000ea780000,0x00000000ea780000,0x00000000ec380000)
 ParOldGen       total 147968K, used 36046K [0x00000000a0000000, 0x00000000a9080000, 0x00000000e0000000)
  object space 147968K, 24% used [0x00000000a0000000,0x00000000a2333a98,0x00000000a9080000)
 Metaspace       used 90996K, capacity 93731K, committed 95104K, reserved 1132544K
  class space    used 11501K, capacity 12116K, committed 12416K, reserved 1048576K
Event: 5202.611 GC heap after
Heap after GC invocations=29 (full 4):
 PSYoungGen      total 195072K, used 28643K [0x00000000e0000000, 0x00000000ee680000, 0x0000000100000000)
  eden space 166400K, 0% used [0x00000000e0000000,0x00000000e0000000,0x00000000ea280000)
  from space 28672K, 99% used [0x00000000ea780000,0x00000000ec378da0,0x00000000ec380000)
  to   space 34816K, 0% used [0x00000000ec480000,0x00000000ec480000,0x00000000ee680000)
 ParOldGen       total 147968K, used 39683K [0x00000000a0000000, 0x00000000a9080000, 0x00000000e0000000)
  object space 147968K, 26% used [0x00000000a0000000,0x00000000a26c0f28,0x00000000a9080000)
 Metaspace       used 90996K, capacity 93731K, committed 95104K, reserved 1132544K
  class space    used 11501K, capacity 12116K, committed 12416K, reserved 1048576K
}

Deoptimization events (10 events):
Event: 5199.964 Thread 0x000000001b5bb800 Uncommon trap: reason=unstable_if action=reinterpret pc=0x00000000074462fc method=com.android.tools.r8.ir.conversion.JarSourceCode.getDebugPositionAtOffset(I)Lcom/android/tools/r8/ir/code/Position; @ 3
Event: 5201.133 Thread 0x000000001b5c1800 Uncommon trap: reason=bimorphic action=maybe_recompile pc=0x0000000007d48288 method=com.android.tools.r8.ir.analysis.constant.SparseConditionalConstantPropagation.visitPhi(Lcom/android/tools/r8/ir/code/Phi;)V @ 93
Event: 5201.133 Thread 0x000000001b5c1800 Uncommon trap: reason=bimorphic action=maybe_recompile pc=0x0000000007d48288 method=com.android.tools.r8.ir.analysis.constant.SparseConditionalConstantPropagation.visitPhi(Lcom/android/tools/r8/ir/code/Phi;)V @ 93
Event: 5201.133 Thread 0x000000001b5c1800 Uncommon trap: reason=bimorphic action=maybe_recompile pc=0x0000000007d48288 method=com.android.tools.r8.ir.analysis.constant.SparseConditionalConstantPropagation.visitPhi(Lcom/android/tools/r8/ir/code/Phi;)V @ 93
Event: 5201.133 Thread 0x000000001b5c1800 Uncommon trap: reason=bimorphic action=maybe_recompile pc=0x0000000007d48288 method=com.android.tools.r8.ir.analysis.constant.SparseConditionalConstantPropagation.visitPhi(Lcom/android/tools/r8/ir/code/Phi;)V @ 93
Event: 5201.414 Thread 0x000000001e74c800 Uncommon trap: reason=unstable_if action=reinterpret pc=0x00000000074fd3f0 method=com.android.tools.r8.graph.DexString.decode()Ljava/lang/String; @ 53
Event: 5202.184 Thread 0x000000001b5c1800 Uncommon trap: reason=unstable_if action=reinterpret pc=0x0000000007c8c150 method=com.android.tools.r8.ir.regalloc.RegisterPositions.hasType(ILcom/android/tools/r8/ir/regalloc/RegisterPositions$Type;)Z @ 57
Event: 5202.191 Thread 0x000000001b5c1800 Uncommon trap: reason=unstable_if action=reinterpret pc=0x0000000007f56760 method=com.android.tools.r8.ir.optimize.MoveEliminator.shouldBeEliminated(Lcom/android/tools/r8/ir/code/Instruction;)Z @ 155
Event: 5202.769 Thread 0x000000001e74c800 Uncommon trap: reason=unstable_if action=reinterpret pc=0x0000000007fa96bc method=com.android.tools.r8.ir.regalloc.LinearScanRegisterAllocator.allocateSingleInterval(Lcom/android/tools/r8/ir/regalloc/LiveIntervals;Lcom/android/tools/r8/ir/regalloc/LinearS
Event: 5203.138 Thread 0x000000001b5bb800 Uncommon trap: reason=unstable_if action=reinterpret pc=0x0000000007f10500 method=com.android.tools.r8.ir.code.Instruction.identicalOutputAfterRegisterAllocation(Lcom/android/tools/r8/ir/code/Value;ILcom/android/tools/r8/ir/code/Value;ILcom/android/tools/

Classes redefined (0 events):
No events

Internal exceptions (10 events):
Event: 5200.057 Thread 0x000000001b5b7000 Exception <a 'sun/nio/fs/WindowsException'> (0x00000000e37db860) thrown at [D:\src\AOSP-openjdk-cygwin\jdk8u\hotspot\src\share\vm\prims\jni.cpp, line 709]
Event: 5200.281 Thread 0x000000001b5b7000 Exception <a 'sun/nio/fs/WindowsException'> (0x00000000e40a8bd0) thrown at [D:\src\AOSP-openjdk-cygwin\jdk8u\hotspot\src\share\vm\prims\jni.cpp, line 709]
Event: 5200.297 Thread 0x000000001b5b7000 Exception <a 'sun/nio/fs/WindowsException'> (0x00000000e4197760) thrown at [D:\src\AOSP-openjdk-cygwin\jdk8u\hotspot\src\share\vm\prims\jni.cpp, line 709]
Event: 5200.597 Thread 0x000000001b5b7000 Exception <a 'sun/nio/fs/WindowsException'> (0x00000000e57d46c0) thrown at [D:\src\AOSP-openjdk-cygwin\jdk8u\hotspot\src\share\vm\prims\jni.cpp, line 709]
Event: 5200.619 Thread 0x000000001b5b7000 Exception <a 'sun/nio/fs/WindowsException'> (0x00000000e5889e78) thrown at [D:\src\AOSP-openjdk-cygwin\jdk8u\hotspot\src\share\vm\prims\jni.cpp, line 709]
Event: 5200.632 Thread 0x000000001b5b7000 Exception <a 'sun/nio/fs/WindowsException'> (0x00000000e590c4d8) thrown at [D:\src\AOSP-openjdk-cygwin\jdk8u\hotspot\src\share\vm\prims\jni.cpp, line 709]
Event: 5200.907 Thread 0x000000001b5b7000 Exception <a 'sun/nio/fs/WindowsException'> (0x00000000e7a855d8) thrown at [D:\src\AOSP-openjdk-cygwin\jdk8u\hotspot\src\share\vm\prims\jni.cpp, line 709]
Event: 5200.918 Thread 0x000000001b5b7000 Exception <a 'sun/nio/fs/WindowsException'> (0x00000000e7adf5e0) thrown at [D:\src\AOSP-openjdk-cygwin\jdk8u\hotspot\src\share\vm\prims\jni.cpp, line 709]
Event: 5200.930 Thread 0x000000001b5b7000 Exception <a 'sun/nio/fs/WindowsException'> (0x00000000e7b63210) thrown at [D:\src\AOSP-openjdk-cygwin\jdk8u\hotspot\src\share\vm\prims\jni.cpp, line 709]
Event: 5201.067 Thread 0x000000001b5b7000 Exception <a 'sun/nio/fs/WindowsException'> (0x00000000e8a2e690) thrown at [D:\src\AOSP-openjdk-cygwin\jdk8u\hotspot\src\share\vm\prims\jni.cpp, line 709]

Events (10 events):
Event: 5203.611 loading class com/android/tools/r8/dex/VirtualFile$Distributor
Event: 5203.611 loading class com/android/tools/r8/dex/VirtualFile$Distributor done
Event: 5203.612 loading class com/android/tools/r8/dex/VirtualFile$FilePerInputClassDistributor
Event: 5203.612 loading class com/android/tools/r8/dex/VirtualFile$FilePerInputClassDistributor done
Event: 5203.613 loading class com/android/tools/r8/dex/VirtualFile$MonoDexDistributor
Event: 5203.613 loading class com/android/tools/r8/dex/VirtualFile$MonoDexDistributor done
Event: 5203.613 loading class com/android/tools/r8/dex/VirtualFile$DistributorBase
Event: 5203.613 loading class com/android/tools/r8/dex/VirtualFile$DistributorBase done
Event: 5203.614 loading class com/android/tools/r8/dex/VirtualFile$FillFilesDistributor
Event: 5203.614 loading class com/android/tools/r8/dex/VirtualFile$FillFilesDistributor done


Dynamic libraries:
0x00007ff652240000 - 0x00007ff652271000 	D:\Android\AndroidStudio\jre\bin\java.exe
0x00007ff9a1c90000 - 0x00007ff9a1e70000 	C:\Windows\SYSTEM32\ntdll.dll
0x00007ff99fb70000 - 0x00007ff99fc1e000 	C:\Windows\System32\KERNEL32.DLL
0x00007ff99e090000 - 0x00007ff99e2f6000 	C:\Windows\System32\KERNELBASE.dll
0x00007ff99fa90000 - 0x00007ff99fb31000 	C:\Windows\System32\ADVAPI32.dll
0x00007ff99f8e0000 - 0x00007ff99f97d000 	C:\Windows\System32\msvcrt.dll
0x00007ff99f770000 - 0x00007ff99f7cb000 	C:\Windows\System32\sechost.dll
0x00007ff99f300000 - 0x00007ff99f41f000 	C:\Windows\System32\RPCRT4.dll
0x00007ff99f160000 - 0x00007ff99f2ee000 	C:\Windows\System32\USER32.dll
0x00007ff99f010000 - 0x00007ff99f030000 	C:\Windows\System32\win32u.dll
0x00007ff99fb40000 - 0x00007ff99fb68000 	C:\Windows\System32\GDI32.dll
0x00007ff99e300000 - 0x00007ff99e491000 	C:\Windows\System32\gdi32full.dll
0x00007ff99eec0000 - 0x00007ff99ef5b000 	C:\Windows\System32\msvcp_win.dll
0x00007ff99edc0000 - 0x00007ff99eeb6000 	C:\Windows\System32\ucrtbase.dll
0x00007ff990640000 - 0x00007ff9908a9000 	C:\Windows\WinSxS\amd64_microsoft.windows.common-controls_6595b64144ccf1df_6.0.16299.15_none_cc92fb402215d91d\COMCTL32.dll
0x00007ff9a16d0000 - 0x00007ff9a19d8000 	C:\Windows\System32\combase.dll
0x00007ff99f080000 - 0x00007ff99f0f2000 	C:\Windows\System32\bcryptPrimitives.dll
0x00007ff99fc20000 - 0x00007ff99fc4d000 	C:\Windows\System32\IMM32.DLL
0x0000000058e80000 - 0x0000000058f52000 	D:\Android\AndroidStudio\jre\jre\bin\msvcr100.dll
0x0000000058f60000 - 0x000000005979f000 	D:\Android\AndroidStudio\jre\jre\bin\server\jvm.dll
0x00007ff9a1c50000 - 0x00007ff9a1c58000 	C:\Windows\System32\PSAPI.DLL
0x00007ff998f80000 - 0x00007ff998f89000 	C:\Windows\SYSTEM32\WSOCK32.dll
0x00007ff99f630000 - 0x00007ff99f69c000 	C:\Windows\System32\WS2_32.dll
0x00007ff99c280000 - 0x00007ff99c2a3000 	C:\Windows\SYSTEM32\WINMM.dll
0x00007ff9985e0000 - 0x00007ff9985ea000 	C:\Windows\SYSTEM32\VERSION.dll
0x00007ff99bf80000 - 0x00007ff99bfaa000 	C:\Windows\SYSTEM32\WINMMBASE.dll
0x00007ff99f030000 - 0x00007ff99f07a000 	C:\Windows\System32\cfgmgr32.dll
0x00007ff998ca0000 - 0x00007ff998caf000 	D:\Android\AndroidStudio\jre\jre\bin\verify.dll
0x00007ff998c00000 - 0x00007ff998c29000 	D:\Android\AndroidStudio\jre\jre\bin\java.dll
0x00007ff995100000 - 0x00007ff995116000 	D:\Android\AndroidStudio\jre\jre\bin\zip.dll
0x00007ff99fda0000 - 0x00007ff9a11d7000 	C:\Windows\System32\SHELL32.dll
0x00007ff99f830000 - 0x00007ff99f8d6000 	C:\Windows\System32\shcore.dll
0x00007ff99e670000 - 0x00007ff99edb7000 	C:\Windows\System32\windows.storage.dll
0x00007ff99f7d0000 - 0x00007ff99f821000 	C:\Windows\System32\shlwapi.dll
0x00007ff99e050000 - 0x00007ff99e061000 	C:\Windows\System32\kernel.appcore.dll
0x00007ff99e000000 - 0x00007ff99e04c000 	C:\Windows\System32\powrprof.dll
0x00007ff99e070000 - 0x00007ff99e08b000 	C:\Windows\System32\profapi.dll
0x00007ff994e70000 - 0x00007ff994e8a000 	D:\Android\AndroidStudio\jre\jre\bin\net.dll
0x00007ff99d810000 - 0x00007ff99d876000 	C:\Windows\system32\mswsock.dll
0x00007ff98ee30000 - 0x00007ff98ee41000 	D:\Android\AndroidStudio\jre\jre\bin\nio.dll
0x00007ff98ca10000 - 0x00007ff98ca2e000 	D:\Android\gradle\native\25\windows-amd64\native-platform.dll
0x00007ff997f10000 - 0x00007ff997f1d000 	D:\Android\AndroidStudio\jre\jre\bin\management.dll
0x00007ff99d9d0000 - 0x00007ff99d9e7000 	C:\Windows\SYSTEM32\CRYPTSP.dll
0x00007ff99d420000 - 0x00007ff99d453000 	C:\Windows\system32\rsaenh.dll
0x00007ff99dae0000 - 0x00007ff99db05000 	C:\Windows\SYSTEM32\bcrypt.dll
0x00007ff99df10000 - 0x00007ff99df39000 	C:\Windows\SYSTEM32\USERENV.dll
0x00007ff99d9f0000 - 0x00007ff99d9fb000 	C:\Windows\SYSTEM32\CRYPTBASE.dll
0x00007ff99d5a0000 - 0x00007ff99d5d9000 	C:\Windows\SYSTEM32\IPHLPAPI.DLL
0x00007ff99f620000 - 0x00007ff99f628000 	C:\Windows\System32\NSI.dll
0x00007ff999080000 - 0x00007ff999096000 	C:\Windows\SYSTEM32\dhcpcsvc6.DLL
0x00007ff998de0000 - 0x00007ff998dfa000 	C:\Windows\SYSTEM32\dhcpcsvc.DLL
0x00007ff988f90000 - 0x00007ff988fb4000 	D:\Android\AndroidStudio\jre\jre\bin\sunec.dll
0x00007ff99d5e0000 - 0x00007ff99d696000 	C:\Windows\SYSTEM32\DNSAPI.dll
0x00007ff997f00000 - 0x00007ff997f0a000 	C:\Windows\System32\rasadhlp.dll
0x00007ff997e90000 - 0x00007ff997f00000 	C:\Windows\System32\fwpuclnt.dll
0x00007ff9931a0000 - 0x00007ff9931ab000 	D:\Android\AndroidStudio\jre\jre\bin\sunmscapi.dll
0x00007ff99e4a0000 - 0x00007ff99e66e000 	C:\Windows\System32\CRYPT32.dll
0x00007ff99dfe0000 - 0x00007ff99dff2000 	C:\Windows\System32\MSASN1.dll
0x00007ff99c4b0000 - 0x00007ff99c4ce000 	C:\Users\Administrator\AppData\Local\Temp\native-platform5546000587137626072dir\native-platform.dll
0x00007ff99d120000 - 0x00007ff99d151000 	C:\Windows\SYSTEM32\ntmarta.dll

VM Arguments:
jvm_args: -Xmx1536m -Dfile.encoding=GBK -Duser.country=CN -Duser.language=zh -Duser.variant 
java_command: org.gradle.launcher.daemon.bootstrap.GradleDaemon 4.4.1
java_class_path (initial): D:\Android\gradle\wrapper\dists\gradle-4.4.1-all\2kpyt0ea6hyxavvt21uml23gd\gradle-4.4.1\lib\gradle-launcher-4.4.1.jar
Launcher Type: SUN_STANDARD

Environment Variables:
PATH=C:\Windows\system32;C:\Windows;C:\Windows\System32\Wbem;C:\Windows\System32\WindowsPowerShell\v1.0\;C:\Program Files (x86)\NVIDIA Corporation\PhysX\Common;C:\Users\Administrator\AppData\Local\Microsoft\WindowsApps;C:\Users\Administrator\AppData\Local\GitHubDesktop\bin
USERNAME=Administrator
OS=Windows_NT
PROCESSOR_IDENTIFIER=Intel64 Family 6 Model 58 Stepping 9, GenuineIntel



---------------  S Y S T E M  ---------------

OS: Windows 10.0 , 64 bit Build 16299 (10.0.16299.15)

CPU:total 4 (initial active 4) (2 cores per cpu, 2 threads per core) family 6 model 58 stepping 9, cmov, cx8, fxsr, mmx, sse, sse2, sse3, ssse3, sse4.1, sse4.2, popcnt, avx, clmul, erms, ht, tsc, tscinvbit, tscinv

Memory: 4k page, physical 8281380k(790100k free), swap 8281380k(5192k free)

vm_info: OpenJDK 64-Bit Server VM (25.152-b02) for windows-amd64 JRE (1.8.0_152-release-1024-b02), built by "builder" with MS VC++ 10.0 (VS2010)

time: Fri Jun 29 16:44:17 2018
elapsed time: 5203 seconds (0d 1h 26m 43s)

