#
# There is insufficient memory for the Java Runtime Environment to continue.
# Native memory allocation (malloc) failed to allocate 785696 bytes for Chunk::new
# Possible reasons:
#   The system is out of physical RAM or swap space
#   In 32 bit mode, the process size limit was hit
# Possible solutions:
#   Reduce memory load on the system
#   Increase physical memory or swap space
#   Check if swap backing store is full
#   Use 64 bit Java on a 64 bit OS
#   Decrease Java heap size (-Xmx/-Xms)
#   Decrease number of Java threads
#   Decrease Java thread stack sizes (-Xss)
#   Set larger code cache with -XX:ReservedCodeCacheSize=
# This output file may be truncated or incomplete.
#
#  Out of Memory Error (allocation.cpp:390), pid=45884, tid=0x000000000000adb0
#
# JRE version: OpenJDK Runtime Environment (8.0_152-b02) (build 1.8.0_152-release-1024-b02)
# Java VM: OpenJDK 64-Bit Server VM (25.152-b02 mixed mode windows-amd64 compressed oops)
# Failed to write core dump. Minidumps are not enabled by default on client versions of Windows
#

---------------  T H R E A D  ---------------

Current thread (0x0000000018709000):  JavaThread "C2 CompilerThread0" daemon [_thread_in_native, id=44464, stack(0x000000001a000000,0x000000001a100000)]

Stack: [0x000000001a000000,0x000000001a100000]
[error occurred during error reporting (printing stack bounds), id 0xc0000005]

Native frames: (J=compiled Java code, j=interpreted, Vv=VM code, C=native code)


Current CompileTask:
C2: 232488 11665       4       org.jetbrains.kotlin.load.java.typeEnhancement.TypeEnhancementKt::enhanceInflexible (602 bytes)


---------------  P R O C E S S  ---------------

Java Threads: ( => current thread )
  0x000000001f0fb800 JavaThread "RMI RenewClean-[localhost:52299,org.jetbrains.kotlin.daemon.common.LoopbackNetworkInterface$ClientLoopbackSocketFactory@48f99760]" daemon [_thread_blocked, id=37932, stack(0x0000000023780000,0x0000000023880000)]
  0x000000001f0fd000 JavaThread "RMI TCP Connection(8)-127.0.0.1" daemon [_thread_in_Java, id=33224, stack(0x0000000023680000,0x0000000023780000)]
  0x000000001f0ff000 JavaThread "RMI TCP Connection(7)-127.0.0.1" daemon [_thread_in_native, id=44864, stack(0x0000000023580000,0x0000000023680000)]
  0x000000001c8b0000 JavaThread "RMI RenewClean-[localhost:52181,org.jetbrains.kotlin.daemon.common.LoopbackNetworkInterface$ClientLoopbackSocketFactory@63bbbb55]" daemon [_thread_blocked, id=46588, stack(0x0000000022f80000,0x0000000023080000)]
  0x000000001a6a5000 JavaThread "RMI RenewClean-[localhost:52181,org.jetbrains.kotlin.daemon.common.LoopbackNetworkInterface$ClientLoopbackSocketFactory@75d9e143]" daemon [_thread_blocked, id=45772, stack(0x000000001b8a0000,0x000000001b9a0000)]
  0x000000001a719800 JavaThread "RMI Scheduler(0)" daemon [_thread_blocked, id=45904, stack(0x000000001b5a0000,0x000000001b6a0000)]
  0x0000000002b7d800 JavaThread "DestroyJavaVM" [_thread_blocked, id=35312, stack(0x0000000002f90000,0x0000000003090000)]
  0x000000001a71a000 JavaThread "GC Daemon" daemon [_thread_blocked, id=35756, stack(0x000000001b300000,0x000000001b400000)]
  0x000000001a699800 JavaThread "RMI Reaper" [_thread_blocked, id=45324, stack(0x000000001b200000,0x000000001b300000)]
  0x000000001a665000 JavaThread "Timer-0" daemon [_thread_blocked, id=33848, stack(0x000000001ae00000,0x000000001af00000)]
  0x000000001a65e800 JavaThread "RMI TCP Accept-17359" daemon [_thread_in_native, id=38104, stack(0x000000001ad00000,0x000000001ae00000)]
  0x0000000019a9a800 JavaThread "Service Thread" daemon [_thread_blocked, id=18104, stack(0x000000001a300000,0x000000001a400000)]
  0x0000000019a0d000 JavaThread "C1 CompilerThread2" daemon [_thread_blocked, id=41160, stack(0x000000001a200000,0x000000001a300000)]
  0x000000001870d800 JavaThread "C2 CompilerThread1" daemon [_thread_in_native, id=40732, stack(0x000000001a100000,0x000000001a200000)]
=>0x0000000018709000 JavaThread "C2 CompilerThread0" daemon [_thread_in_native, id=44464, stack(0x000000001a000000,0x000000001a100000)]
  0x00000000186bd800 JavaThread "Attach Listener" daemon [_thread_blocked, id=41120, stack(0x0000000019f00000,0x000000001a000000)]
  0x00000000186a8000 JavaThread "Signal Dispatcher" daemon [_thread_blocked, id=36912, stack(0x0000000019e00000,0x0000000019f00000)]
  0x0000000018698800 JavaThread "Finalizer" daemon [_thread_blocked, id=35424, stack(0x0000000019900000,0x0000000019a00000)]
  0x0000000004942800 JavaThread "Reference Handler" daemon [_thread_blocked, id=35932, stack(0x0000000019800000,0x0000000019900000)]

Other Threads:
  0x0000000018676000 VMThread [stack: 0x0000000019700000,0x0000000019800000] [id=33508]
  0x0000000019a9b000 WatcherThread [stack: 0x000000001a400000,0x000000001a500000] [id=33600]

VM state:not at safepoint (normal execution)

VM Mutex/Monitor currently owned by a thread: None

Heap:
 PSYoungGen      total 210432K, used 88652K [0x00000000e0000000, 0x00000000efb00000, 0x0000000100000000)
  eden space 174080K, 50% used [0x00000000e0000000,0x00000000e5693020,0x00000000eaa00000)
  from space 36352K, 0% used [0x00000000ed780000,0x00000000ed780000,0x00000000efb00000)
  to   space 41472K, 0% used [0x00000000eaa00000,0x00000000eaa00000,0x00000000ed280000)
 ParOldGen       total 232960K, used 17187K [0x00000000a0000000, 0x00000000ae380000, 0x00000000e0000000)
  object space 232960K, 7% used [0x00000000a0000000,0x00000000a10c8d20,0x00000000ae380000)
 Metaspace       used 59176K, capacity 60398K, committed 60544K, reserved 1101824K
  class space    used 6917K, capacity 7233K, committed 7296K, reserved 1048576K

Card table byte_map: [0x0000000014100000,0x0000000014410000] byte_map_base: 0x0000000013c00000

Marking Bits: (ParMarkBitMap*) 0x000000006a0c4970
 Begin Bits: [0x0000000014a10000, 0x0000000016210000)
 End Bits:   [0x0000000016210000, 0x0000000017a10000)

Polling page: 0x0000000002b20000

CodeCache: size=245760Kb used=34977Kb max_used=36131Kb free=210782Kb
 bounds [0x0000000004d40000, 0x00000000070b0000, 0x0000000013d40000]
 total_blobs=10336 nmethods=9812 adapters=435
 compilation: enabled

Compilation events (10 events):
Event: 232.338 Thread 0x0000000019a0d000 11666       3       org.jetbrains.kotlin.resolve.lazy.descriptors.LazyClassDescriptor::getConstructors (17 bytes)
Event: 232.339 Thread 0x0000000019a0d000 nmethod 11666 0x00000000059e8050 code [0x00000000059e8220, 0x00000000059e89d8]
Event: 232.342 Thread 0x0000000019a0d000 11667       3       org.jetbrains.kotlin.com.intellij.util.CachedValueBase::getValueWithLock (117 bytes)
Event: 232.345 Thread 0x0000000019a0d000 nmethod 11667 0x00000000057a4850 code [0x00000000057a4b20, 0x00000000057a6208]
Event: 232.371 Thread 0x0000000019a0d000 11670       3       org.jetbrains.kotlin.load.java.JavaVisibilities::isVisibleForProtectedAndPackage (39 bytes)
Event: 232.371 Thread 0x0000000019a0d000 nmethod 11670 0x0000000006f0ee50 code [0x0000000006f0f000, 0x0000000006f0f328]
Event: 232.398 Thread 0x0000000019a0d000 11672       3       org.jetbrains.kotlin.load.java.lazy.ContextKt::extractDefaultNullabilityQualifier (124 bytes)
Event: 232.400 Thread 0x0000000019a0d000 nmethod 11672 0x0000000005bbd110 code [0x0000000005bbd3a0, 0x0000000005bbe6d8]
Event: 232.422 Thread 0x0000000019a0d000 11673       3       org.jetbrains.kotlin.gnu.trove.TObjectHashIterator::<init> (11 bytes)
Event: 232.422 Thread 0x0000000019a0d000 nmethod 11673 0x00000000057d7650 code [0x00000000057d77c0, 0x00000000057d79e8]

GC Heap History (10 events):
Event: 136.676 GC heap before
{Heap before GC invocations=17 (full 4):
 PSYoungGen      total 139264K, used 133292K [0x00000000e0000000, 0x00000000eab80000, 0x0000000100000000)
  eden space 108032K, 100% used [0x00000000e0000000,0x00000000e6980000,0x00000000e6980000)
  from space 31232K, 80% used [0x00000000e8b00000,0x00000000ea3ab318,0x00000000ea980000)
  to   space 33792K, 0% used [0x00000000e6980000,0x00000000e6980000,0x00000000e8a80000)
 ParOldGen       total 186368K, used 113726K [0x00000000a0000000, 0x00000000ab600000, 0x00000000e0000000)
  object space 186368K, 61% used [0x00000000a0000000,0x00000000a6f0f920,0x00000000ab600000)
 Metaspace       used 50123K, capacity 51104K, committed 51456K, reserved 1093632K
  class space    used 6083K, capacity 6312K, committed 6400K, reserved 1048576K
Event: 136.747 GC heap after
Heap after GC invocations=17 (full 4):
 PSYoungGen      total 141824K, used 29794K [0x00000000e0000000, 0x00000000ed700000, 0x0000000100000000)
  eden space 108032K, 0% used [0x00000000e0000000,0x00000000e0000000,0x00000000e6980000)
  from space 33792K, 88% used [0x00000000e6980000,0x00000000e8698aa0,0x00000000e8a80000)
  to   space 37376K, 0% used [0x00000000eb280000,0x00000000eb280000,0x00000000ed700000)
 ParOldGen       total 186368K, used 127348K [0x00000000a0000000, 0x00000000ab600000, 0x00000000e0000000)
  object space 186368K, 68% used [0x00000000a0000000,0x00000000a7c5d1f8,0x00000000ab600000)
 Metaspace       used 50123K, capacity 51104K, committed 51456K, reserved 1093632K
  class space    used 6083K, capacity 6312K, committed 6400K, reserved 1048576K
}
Event: 139.198 GC heap before
{Heap before GC invocations=18 (full 4):
 PSYoungGen      total 141824K, used 137826K [0x00000000e0000000, 0x00000000ed700000, 0x0000000100000000)
  eden space 108032K, 100% used [0x00000000e0000000,0x00000000e6980000,0x00000000e6980000)
  from space 33792K, 88% used [0x00000000e6980000,0x00000000e8698aa0,0x00000000e8a80000)
  to   space 37376K, 0% used [0x00000000eb280000,0x00000000eb280000,0x00000000ed700000)
 ParOldGen       total 186368K, used 127348K [0x00000000a0000000, 0x00000000ab600000, 0x00000000e0000000)
  object space 186368K, 68% used [0x00000000a0000000,0x00000000a7c5d1f8,0x00000000ab600000)
 Metaspace       used 52119K, capacity 53128K, committed 53248K, reserved 1095680K
  class space    used 6348K, capacity 6612K, committed 6656K, reserved 1048576K
Event: 139.252 GC heap after
Heap after GC invocations=18 (full 4):
 PSYoungGen      total 176640K, used 37348K [0x00000000e0000000, 0x00000000ee080000, 0x0000000100000000)
  eden space 139264K, 0% used [0x00000000e0000000,0x00000000e0000000,0x00000000e8800000)
  from space 37376K, 99% used [0x00000000eb280000,0x00000000ed6f91e0,0x00000000ed700000)
  to   space 43520K, 0% used [0x00000000e8800000,0x00000000e8800000,0x00000000eb280000)
 ParOldGen       total 186368K, used 129197K [0x00000000a0000000, 0x00000000ab600000, 0x00000000e0000000)
  object space 186368K, 69% used [0x00000000a0000000,0x00000000a7e2b4a8,0x00000000ab600000)
 Metaspace       used 52119K, capacity 53128K, committed 53248K, reserved 1095680K
  class space    used 6348K, capacity 6612K, committed 6656K, reserved 1048576K
}
Event: 144.159 GC heap before
{Heap before GC invocations=19 (full 4):
 PSYoungGen      total 176640K, used 176612K [0x00000000e0000000, 0x00000000ee080000, 0x0000000100000000)
  eden space 139264K, 100% used [0x00000000e0000000,0x00000000e8800000,0x00000000e8800000)
  from space 37376K, 99% used [0x00000000eb280000,0x00000000ed6f91e0,0x00000000ed700000)
  to   space 43520K, 0% used [0x00000000e8800000,0x00000000e8800000,0x00000000eb280000)
 ParOldGen       total 186368K, used 129197K [0x00000000a0000000, 0x00000000ab600000, 0x00000000e0000000)
  object space 186368K, 69% used [0x00000000a0000000,0x00000000a7e2b4a8,0x00000000ab600000)
 Metaspace       used 58289K, capacity 59460K, committed 59648K, reserved 1101824K
  class space    used 6862K, capacity 7158K, committed 7168K, reserved 1048576K
Event: 144.218 GC heap after
Heap after GC invocations=19 (full 4):
 PSYoungGen      total 182784K, used 18837K [0x00000000e0000000, 0x00000000eff80000, 0x0000000100000000)
  eden space 139264K, 0% used [0x00000000e0000000,0x00000000e0000000,0x00000000e8800000)
  from space 43520K, 43% used [0x00000000e8800000,0x00000000e9a65550,0x00000000eb280000)
  to   space 40960K, 0% used [0x00000000ed780000,0x00000000ed780000,0x00000000eff80000)
 ParOldGen       total 186368K, used 153479K [0x00000000a0000000, 0x00000000ab600000, 0x00000000e0000000)
  object space 186368K, 82% used [0x00000000a0000000,0x00000000a95e1ce8,0x00000000ab600000)
 Metaspace       used 58289K, capacity 59460K, committed 59648K, reserved 1101824K
  class space    used 6862K, capacity 7158K, committed 7168K, reserved 1048576K
}
Event: 230.848 GC heap before
{Heap before GC invocations=20 (full 4):
 PSYoungGen      total 182784K, used 58424K [0x00000000e0000000, 0x00000000eff80000, 0x0000000100000000)
  eden space 139264K, 28% used [0x00000000e0000000,0x00000000e26a8d50,0x00000000e8800000)
  from space 43520K, 43% used [0x00000000e8800000,0x00000000e9a65550,0x00000000eb280000)
  to   space 40960K, 0% used [0x00000000ed780000,0x00000000ed780000,0x00000000eff80000)
 ParOldGen       total 186368K, used 153479K [0x00000000a0000000, 0x00000000ab600000, 0x00000000e0000000)
  object space 186368K, 82% used [0x00000000a0000000,0x00000000a95e1ce8,0x00000000ab600000)
 Metaspace       used 58698K, capacity 59850K, committed 59904K, reserved 1101824K
  class space    used 6882K, capacity 7159K, committed 7168K, reserved 1048576K
Event: 230.876 GC heap after
Heap after GC invocations=20 (full 4):
 PSYoungGen      total 210432K, used 3461K [0x00000000e0000000, 0x00000000efb00000, 0x0000000100000000)
  eden space 174080K, 0% used [0x00000000e0000000,0x00000000e0000000,0x00000000eaa00000)
  from space 36352K, 9% used [0x00000000ed780000,0x00000000edae1610,0x00000000efb00000)
  to   space 41472K, 0% used [0x00000000eaa00000,0x00000000eaa00000,0x00000000ed280000)
 ParOldGen       total 186368K, used 164203K [0x00000000a0000000, 0x00000000ab600000, 0x00000000e0000000)
  object space 186368K, 88% used [0x00000000a0000000,0x00000000aa05af18,0x00000000ab600000)
 Metaspace       used 58698K, capacity 59850K, committed 59904K, reserved 1101824K
  class space    used 6882K, capacity 7159K, committed 7168K, reserved 1048576K
}
Event: 230.876 GC heap before
{Heap before GC invocations=21 (full 5):
 PSYoungGen      total 210432K, used 3461K [0x00000000e0000000, 0x00000000efb00000, 0x0000000100000000)
  eden space 174080K, 0% used [0x00000000e0000000,0x00000000e0000000,0x00000000eaa00000)
  from space 36352K, 9% used [0x00000000ed780000,0x00000000edae1610,0x00000000efb00000)
  to   space 41472K, 0% used [0x00000000eaa00000,0x00000000eaa00000,0x00000000ed280000)
 ParOldGen       total 186368K, used 164203K [0x00000000a0000000, 0x00000000ab600000, 0x00000000e0000000)
  object space 186368K, 88% used [0x00000000a0000000,0x00000000aa05af18,0x00000000ab600000)
 Metaspace       used 58698K, capacity 59850K, committed 59904K, reserved 1101824K
  class space    used 6882K, capacity 7159K, committed 7168K, reserved 1048576K
Event: 230.995 GC heap after
Heap after GC invocations=21 (full 5):
 PSYoungGen      total 210432K, used 0K [0x00000000e0000000, 0x00000000efb00000, 0x0000000100000000)
  eden space 174080K, 0% used [0x00000000e0000000,0x00000000e0000000,0x00000000eaa00000)
  from space 36352K, 0% used [0x00000000ed780000,0x00000000ed780000,0x00000000efb00000)
  to   space 41472K, 0% used [0x00000000eaa00000,0x00000000eaa00000,0x00000000ed280000)
 ParOldGen       total 232960K, used 17187K [0x00000000a0000000, 0x00000000ae380000, 0x00000000e0000000)
  object space 232960K, 7% used [0x00000000a0000000,0x00000000a10c8d20,0x00000000ae380000)
 Metaspace       used 58698K, capacity 59850K, committed 59904K, reserved 1101824K
  class space    used 6882K, capacity 7159K, committed 7168K, reserved 1048576K
}

Deoptimization events (10 events):
Event: 145.523 Thread 0x000000001c8af800 Uncommon trap: reason=unstable_if action=reinterpret pc=0x00000000068558b0 method=org.jetbrains.kotlin.gnu.trove.THashMap.rehash(I)V @ 61
Event: 230.995 Thread 0x0000000004942800 Uncommon trap: reason=unstable_if action=reinterpret pc=0x00000000052f37f4 method=java.lang.ref.Reference.tryHandlePending(Z)Z @ 20
Event: 231.508 Thread 0x000000001f0fd000 Uncommon trap: reason=array_check action=maybe_recompile pc=0x000000000688902c method=org.jetbrains.kotlin.com.intellij.util.ArrayUtil.insert([Ljava/lang/Object;ILjava/lang/Object;)[Ljava/lang/Object; @ 66
Event: 231.508 Thread 0x000000001f0fd000 Uncommon trap: reason=array_check action=maybe_recompile pc=0x000000000688902c method=org.jetbrains.kotlin.com.intellij.util.ArrayUtil.insert([Ljava/lang/Object;ILjava/lang/Object;)[Ljava/lang/Object; @ 66
Event: 231.515 Thread 0x000000001f0fd000 Uncommon trap: reason=array_check action=maybe_recompile pc=0x000000000688902c method=org.jetbrains.kotlin.com.intellij.util.ArrayUtil.insert([Ljava/lang/Object;ILjava/lang/Object;)[Ljava/lang/Object; @ 66
Event: 231.515 Thread 0x000000001f0fd000 Uncommon trap: reason=array_check action=maybe_recompile pc=0x000000000688902c method=org.jetbrains.kotlin.com.intellij.util.ArrayUtil.insert([Ljava/lang/Object;ILjava/lang/Object;)[Ljava/lang/Object; @ 66
Event: 231.536 Thread 0x000000001f0fd000 Uncommon trap: reason=class_check action=maybe_recompile pc=0x00000000054893cc method=org.jetbrains.kotlin.com.intellij.lang.impl.PsiBuilderImpl.skipWhitespace()V @ 72
Event: 231.539 Thread 0x000000001f0fd000 Uncommon trap: reason=class_check action=maybe_recompile pc=0x00000000054893cc method=org.jetbrains.kotlin.com.intellij.lang.impl.PsiBuilderImpl.skipWhitespace()V @ 72
Event: 232.301 Thread 0x000000001f0fd000 Uncommon trap: reason=class_check action=maybe_recompile pc=0x0000000006f89740 method=kotlin.sequences.DropSequence$iterator$1.drop()V @ 11
Event: 232.301 Thread 0x000000001f0fd000 Uncommon trap: reason=class_check action=maybe_recompile pc=0x0000000006f89740 method=kotlin.sequences.DropSequence$iterator$1.drop()V @ 11

Classes redefined (0 events):
No events

Internal exceptions (10 events):
Event: 145.038 Thread 0x000000001c8af800 Exception <a 'sun/nio/fs/WindowsException'> (0x00000000e1d9f150) thrown at [D:\src\AOSP-openjdk-cygwin\jdk8u\hotspot\src\share\vm\prims\jni.cpp, line 709]
Event: 145.101 Thread 0x000000001c8af800 Exception <a 'sun/nio/fs/WindowsException'> (0x00000000e1db86c8) thrown at [D:\src\AOSP-openjdk-cygwin\jdk8u\hotspot\src\share\vm\prims\jni.cpp, line 709]
Event: 145.147 Thread 0x000000001c8af800 Exception <a 'sun/nio/fs/WindowsException'> (0x00000000e1dd1ca0) thrown at [D:\src\AOSP-openjdk-cygwin\jdk8u\hotspot\src\share\vm\prims\jni.cpp, line 709]
Event: 145.217 Thread 0x000000001c8af800 Exception <a 'sun/nio/fs/WindowsException'> (0x00000000e1e163e8) thrown at [D:\src\AOSP-openjdk-cygwin\jdk8u\hotspot\src\share\vm\prims\jni.cpp, line 709]
Event: 145.240 Thread 0x000000001c8af800 Exception <a 'sun/nio/fs/WindowsException'> (0x00000000e1e29368) thrown at [D:\src\AOSP-openjdk-cygwin\jdk8u\hotspot\src\share\vm\prims\jni.cpp, line 709]
Event: 145.268 Thread 0x000000001c8af800 Exception <a 'sun/nio/fs/WindowsException'> (0x00000000e1e54a48) thrown at [D:\src\AOSP-openjdk-cygwin\jdk8u\hotspot\src\share\vm\prims\jni.cpp, line 709]
Event: 231.009 Thread 0x000000001f0fb800 Exception <a 'java/lang/InterruptedException'> (0x00000000e04d2c68) thrown at [D:\src\AOSP-openjdk-cygwin\jdk8u\hotspot\src\share\vm\runtime\objectMonitor.cpp, line 1684]
Event: 231.214 Thread 0x000000001f0fd000 Exception <a 'sun/nio/fs/WindowsException'> (0x00000000e05c9140) thrown at [D:\src\AOSP-openjdk-cygwin\jdk8u\hotspot\src\share\vm\prims\jni.cpp, line 709]
Event: 231.998 Thread 0x000000001a6a5000 Exception <a 'java/net/ConnectException': Connection refused: connect> (0x00000000e00da3c0) thrown at [D:\src\AOSP-openjdk-cygwin\jdk8u\hotspot\src\share\vm\prims\jni.cpp, line 735]
Event: 231.999 Thread 0x000000001c8b0000 Exception <a 'java/net/ConnectException': Connection refused: connect> (0x00000000e0440910) thrown at [D:\src\AOSP-openjdk-cygwin\jdk8u\hotspot\src\share\vm\prims\jni.cpp, line 735]

Events (10 events):
Event: 232.139 loading class org/jetbrains/kotlin/descriptors/PropertyDescriptor
Event: 232.139 loading class org/jetbrains/kotlin/descriptors/PropertyDescriptor done
Event: 232.301 Thread 0x000000001f0fd000 Uncommon trap: trap_request=0xffffffde fr.pc=0x0000000006f89740
Event: 232.301 Thread 0x000000001f0fd000 DEOPT PACKING pc=0x0000000006f89740 sp=0x000000002377a390
Event: 232.301 Thread 0x000000001f0fd000 DEOPT UNPACKING pc=0x0000000004d8557b sp=0x000000002377a358 mode 2
Event: 232.301 Thread 0x000000001f0fd000 Uncommon trap: trap_request=0xffffffde fr.pc=0x0000000006f89740
Event: 232.301 Thread 0x000000001f0fd000 DEOPT PACKING pc=0x0000000006f89740 sp=0x000000002377a4c0
Event: 232.301 Thread 0x000000001f0fd000 DEOPT UNPACKING pc=0x0000000004d8557b sp=0x000000002377a488 mode 2
Event: 232.319 Executing VM operation: ForceSafepoint
Event: 232.320 Executing VM operation: ForceSafepoint done


Dynamic libraries:
0x00007ff7e30a0000 - 0x00007ff7e30d1000 	D:\Android\AndroidStudio\jre\jre\bin\java.exe
0x00007ffb9ac30000 - 0x00007ffb9ae10000 	C:\Windows\SYSTEM32\ntdll.dll
0x00007ffb990f0000 - 0x00007ffb9919e000 	C:\Windows\System32\KERNEL32.DLL
0x00007ffb97030000 - 0x00007ffb97296000 	C:\Windows\System32\KERNELBASE.dll
0x00007ffb98cf0000 - 0x00007ffb98d91000 	C:\Windows\System32\ADVAPI32.dll
0x00007ffb9a8c0000 - 0x00007ffb9a95d000 	C:\Windows\System32\msvcrt.dll
0x00007ffb9a860000 - 0x00007ffb9a8bb000 	C:\Windows\System32\sechost.dll
0x00007ffb98da0000 - 0x00007ffb98ebf000 	C:\Windows\System32\RPCRT4.dll
0x00007ffb98ec0000 - 0x00007ffb9904e000 	C:\Windows\System32\USER32.dll
0x00007ffb972a0000 - 0x00007ffb972c0000 	C:\Windows\System32\win32u.dll
0x00007ffb9a660000 - 0x00007ffb9a688000 	C:\Windows\System32\GDI32.dll
0x00007ffb97310000 - 0x00007ffb974a1000 	C:\Windows\System32\gdi32full.dll
0x00007ffb97ce0000 - 0x00007ffb97d7b000 	C:\Windows\System32\msvcp_win.dll
0x00007ffb98000000 - 0x00007ffb980f6000 	C:\Windows\System32\ucrtbase.dll
0x00007ffb86ef0000 - 0x00007ffb87159000 	C:\Windows\WinSxS\amd64_microsoft.windows.common-controls_6595b64144ccf1df_6.0.16299.15_none_cc92fb402215d91d\COMCTL32.dll
0x00007ffb98890000 - 0x00007ffb98b98000 	C:\Windows\System32\combase.dll
0x00007ffb97c60000 - 0x00007ffb97cd2000 	C:\Windows\System32\bcryptPrimitives.dll
0x00007ffb981f0000 - 0x00007ffb9821d000 	C:\Windows\System32\IMM32.DLL
0x0000000069820000 - 0x00000000698f2000 	D:\Android\AndroidStudio\jre\jre\bin\msvcr100.dll
0x0000000069900000 - 0x000000006a13f000 	D:\Android\AndroidStudio\jre\jre\bin\server\jvm.dll
0x00007ffb98160000 - 0x00007ffb98168000 	C:\Windows\System32\PSAPI.DLL
0x00007ffb8bdb0000 - 0x00007ffb8bdd3000 	C:\Windows\SYSTEM32\WINMM.dll
0x00007ffb95c90000 - 0x00007ffb95c99000 	C:\Windows\SYSTEM32\WSOCK32.dll
0x00007ffb95c70000 - 0x00007ffb95c7a000 	C:\Windows\SYSTEM32\VERSION.dll
0x00007ffb98170000 - 0x00007ffb981dc000 	C:\Windows\System32\WS2_32.dll
0x00007ffb8bd80000 - 0x00007ffb8bdaa000 	C:\Windows\SYSTEM32\winmmbase.dll
0x00007ffb972c0000 - 0x00007ffb9730a000 	C:\Windows\System32\cfgmgr32.dll
0x00007ffb95c80000 - 0x00007ffb95c8f000 	D:\Android\AndroidStudio\jre\jre\bin\verify.dll
0x00007ffb94fc0000 - 0x00007ffb94fe9000 	D:\Android\AndroidStudio\jre\jre\bin\java.dll
0x00007ffb94f10000 - 0x00007ffb94f26000 	D:\Android\AndroidStudio\jre\jre\bin\zip.dll
0x00007ffb99220000 - 0x00007ffb9a657000 	C:\Windows\System32\SHELL32.dll
0x00007ffb98780000 - 0x00007ffb98826000 	C:\Windows\System32\shcore.dll
0x00007ffb97510000 - 0x00007ffb97c57000 	C:\Windows\System32\windows.storage.dll
0x00007ffb98830000 - 0x00007ffb98881000 	C:\Windows\System32\shlwapi.dll
0x00007ffb96fa0000 - 0x00007ffb96fb1000 	C:\Windows\System32\kernel.appcore.dll
0x00007ffb96fc0000 - 0x00007ffb9700c000 	C:\Windows\System32\powrprof.dll
0x00007ffb96f80000 - 0x00007ffb96f9b000 	C:\Windows\System32\profapi.dll
0x00007ffb95bd0000 - 0x00007ffb95bdd000 	D:\Android\AndroidStudio\jre\jre\bin\management.dll
0x00007ffb94ef0000 - 0x00007ffb94f0a000 	D:\Android\AndroidStudio\jre\jre\bin\net.dll
0x00007ffb967b0000 - 0x00007ffb96816000 	C:\Windows\system32\mswsock.dll
0x00007ffb94ed0000 - 0x00007ffb94ee1000 	D:\Android\AndroidStudio\jre\jre\bin\nio.dll
0x00007ffb96970000 - 0x00007ffb96987000 	C:\Windows\SYSTEM32\CRYPTSP.dll
0x00007ffb963c0000 - 0x00007ffb963f3000 	C:\Windows\system32\rsaenh.dll
0x00007ffb96a80000 - 0x00007ffb96aa5000 	C:\Windows\SYSTEM32\bcrypt.dll
0x00007ffb96eb0000 - 0x00007ffb96ed9000 	C:\Windows\SYSTEM32\USERENV.dll
0x00007ffb96990000 - 0x00007ffb9699b000 	C:\Windows\SYSTEM32\CRYPTBASE.dll
0x00007ffb96540000 - 0x00007ffb96579000 	C:\Windows\SYSTEM32\IPHLPAPI.DLL
0x00007ffb981e0000 - 0x00007ffb981e8000 	C:\Windows\System32\NSI.dll
0x00007ffb92b20000 - 0x00007ffb92b36000 	C:\Windows\SYSTEM32\dhcpcsvc6.DLL
0x00007ffb92c10000 - 0x00007ffb92c2a000 	C:\Windows\SYSTEM32\dhcpcsvc.DLL

VM Arguments:
jvm_args: -Djava.awt.headless=true -Djava.rmi.server.hostname=localhost -Xmx1536m -Dkotlin.environment.keepalive 
java_command: org.jetbrains.kotlin.daemon.KotlinCompileDaemon --daemon-runFilesPath C:\Users\Administrator\AppData\Local\kotlin\daemon --daemon-autoshutdownIdleSeconds=7200 --daemon-compilerClasspath D:\Android\gradle\caches\modules-2\files-2.1\org.jetbrains.kotlin\kotlin-compiler-embeddable\1.1.51\e87f62328a705dc5c5b857f1aa50d1732c8bc3d6\kotlin-compiler-embeddable-1.1.51.jar;D:\Android\AndroidStudio\jre\lib\tools.jar
java_class_path (initial): D:\Android\gradle\caches\modules-2\files-2.1\org.jetbrains.kotlin\kotlin-compiler-embeddable\1.1.51\e87f62328a705dc5c5b857f1aa50d1732c8bc3d6\kotlin-compiler-embeddable-1.1.51.jar;D:\Android\AndroidStudio\jre\lib\tools.jar
Launcher Type: SUN_STANDARD

Environment Variables:
PATH=C:\Windows\system32;C:\Windows;C:\Windows\System32\Wbem;C:\Windows\System32\WindowsPowerShell\v1.0\;C:\Program Files (x86)\NVIDIA Corporation\PhysX\Common;C:\Users\Administrator\AppData\Local\Microsoft\WindowsApps;C:\Users\Administrator\AppData\Local\GitHubDesktop\bin
USERNAME=Administrator
OS=Windows_NT
PROCESSOR_IDENTIFIER=Intel64 Family 6 Model 58 Stepping 9, GenuineIntel



---------------  S Y S T E M  ---------------

OS: Windows 10.0 , 64 bit Build 16299 (10.0.16299.15)

CPU:total 4 (initial active 4) (2 cores per cpu, 2 threads per core) family 6 model 58 stepping 9, cmov, cx8, fxsr, mmx, sse, sse2, sse3, ssse3, sse4.1, sse4.2, popcnt, avx, clmul, erms, ht, tsc, tscinvbit, tscinv

Memory: 4k page, physical 8281380k(1093536k free), swap 8281380k(5912k free)

vm_info: OpenJDK 64-Bit Server VM (25.152-b02) for windows-amd64 JRE (1.8.0_152-release-1024-b02), built by "builder" with MS VC++ 10.0 (VS2010)

time: Sun May 13 19:29:17 2018
elapsed time: 232 seconds (0d 0h 3m 52s)

