#
# There is insufficient memory for the Java Runtime Environment to continue.
# Native memory allocation (malloc) failed to allocate 643376 bytes for Chunk::new
# Possible reasons:
#   The system is out of physical RAM or swap space
#   In 32 bit mode, the process size limit was hit
# Possible solutions:
#   Reduce memory load on the system
#   Increase physical memory or swap space
#   Check if swap backing store is full
#   Use 64 bit Java on a 64 bit OS
#   Decrease Java heap size (-Xmx/-Xms)
#   Decrease number of Java threads
#   Decrease Java thread stack sizes (-Xss)
#   Set larger code cache with -XX:ReservedCodeCacheSize=
# This output file may be truncated or incomplete.
#
#  Out of Memory Error (allocation.cpp:390), pid=48084, tid=0x000000000000bae8
#
# JRE version: OpenJDK Runtime Environment (8.0_152-b02) (build 1.8.0_152-release-1024-b02)
# Java VM: OpenJDK 64-Bit Server VM (25.152-b02 mixed mode windows-amd64 compressed oops)
# Failed to write core dump. Minidumps are not enabled by default on client versions of Windows
#

---------------  T H R E A D  ---------------

Current thread (0x0000000018c39800):  JavaThread "C2 CompilerThread0" daemon [_thread_in_native, id=47848, stack(0x000000001a540000,0x000000001a640000)]

Stack: [0x000000001a540000,0x000000001a640000]
[error occurred during error reporting (printing stack bounds), id 0xc0000005]

Native frames: (J=compiled Java code, j=interpreted, Vv=VM code, C=native code)


Current CompileTask:
C2:  26381 11523       4       com.android.tools.r8.code.BaseInstructionFactory::create (3362 bytes)


---------------  P R O C E S S  ---------------

Java Threads: ( => current thread )
  0x000000001a0d9000 JavaThread "ForkJoinPool-1-worker-0" daemon [_thread_blocked, id=47744, stack(0x000000002b720000,0x000000002b820000)]
  0x000000001a0df800 JavaThread "ForkJoinPool-1-worker-1" daemon [_thread_blocked, id=31088, stack(0x000000002b620000,0x000000002b720000)]
  0x000000001c1ad000 JavaThread "ForkJoinPool.commonPool-worker-0" daemon [_thread_blocked, id=46644, stack(0x0000000026d20000,0x0000000026e20000)]
  0x000000001c1a7800 JavaThread "ForkJoinPool.commonPool-worker-1" daemon [_thread_blocked, id=47884, stack(0x0000000025a50000,0x0000000025b50000)]
  0x000000001c1a9000 JavaThread "Task worker for ':' Thread 3" [_thread_blocked, id=47632, stack(0x0000000024980000,0x0000000024a80000)]
  0x000000001c1a6800 JavaThread "Task worker for ':' Thread 2" [_thread_blocked, id=47676, stack(0x0000000024880000,0x0000000024980000)]
  0x000000001c1a8000 JavaThread "Task worker for ':'" [_thread_blocked, id=46296, stack(0x0000000024780000,0x0000000024880000)]
  0x000000001c1a6000 JavaThread "Cache worker for Build Output Cleanup Cache (D:\Android\TEST\CoolWeather\.gradle\buildOutputCleanup)" [_thread_blocked, id=38104, stack(0x0000000024290000,0x0000000024390000)]
  0x000000001c1ac000 JavaThread "Cache worker for task history cache (D:\Android\TEST\CoolWeather\.gradle\4.4\taskHistory)" [_thread_blocked, id=47700, stack(0x0000000024190000,0x0000000024290000)]
  0x000000001d2b3800 JavaThread "Cache worker for file content cache (D:\Android\TEST\CoolWeather\.gradle\4.4\fileContent)" [_thread_blocked, id=46544, stack(0x0000000024090000,0x0000000024190000)]
  0x000000001d2b6800 JavaThread "Memory manager" [_thread_blocked, id=47816, stack(0x0000000022680000,0x0000000022780000)]
  0x000000001d2b4000 JavaThread "build operations Thread 4" [_thread_blocked, id=47620, stack(0x0000000022580000,0x0000000022680000)]
  0x000000001d2b5800 JavaThread "build operations Thread 3" [_thread_blocked, id=41540, stack(0x0000000022480000,0x0000000022580000)]
  0x000000001d2b5000 JavaThread "build operations Thread 2" [_thread_blocked, id=43344, stack(0x0000000022380000,0x0000000022480000)]
  0x000000001d2b2800 JavaThread "build operations" [_thread_blocked, id=47244, stack(0x0000000022180000,0x0000000022280000)]
  0x000000001d2b1000 JavaThread "Cache worker for Artifact transforms cache (D:\Android\gradle\caches\transforms-1)" [_thread_blocked, id=47772, stack(0x000000001f750000,0x000000001f850000)]
  0x000000001d694000 JavaThread "Cache worker for file hash cache (D:\Android\TEST\CoolWeather\.gradle\4.4\fileHashes)" [_thread_blocked, id=47196, stack(0x000000001e280000,0x000000001e380000)]
  0x000000001bcc0000 JavaThread "File lock request listener" [_thread_in_native, id=47596, stack(0x000000001d1b0000,0x000000001d2b0000)]
  0x000000001bcec800 JavaThread "Cache worker for file hash cache (D:\Android\gradle\caches\4.4\fileHashes)" [_thread_blocked, id=27476, stack(0x000000001d0b0000,0x000000001d1b0000)]
  0x000000001be9e800 JavaThread "Stdin handler" [_thread_blocked, id=47156, stack(0x000000001cdb0000,0x000000001ceb0000)]
  0x000000001be9c800 JavaThread "Asynchronous log dispatcher for DefaultDaemonConnection: socket connection from /127.0.0.1:52546 to /127.0.0.1:52547" [_thread_blocked, id=47200, stack(0x000000001ccb0000,0x000000001cdb0000)]
  0x000000001bea3000 JavaThread "Daemon worker" [_thread_in_Java, id=47728, stack(0x000000001cbb0000,0x000000001ccb0000)]
  0x000000001a2ad000 JavaThread "Cancel handler" [_thread_blocked, id=47356, stack(0x000000001cab0000,0x000000001cbb0000)]
  0x000000001bb7e000 JavaThread "Handler for socket connection from /127.0.0.1:52546 to /127.0.0.1:52547" [_thread_in_native, id=30496, stack(0x000000001c7b0000,0x000000001c8b0000)]
  0x000000001bb7c800 JavaThread "Daemon" [_thread_blocked, id=41772, stack(0x000000001c6b0000,0x000000001c7b0000)]
  0x000000001bb86800 JavaThread "Daemon periodic checks" [_thread_blocked, id=47880, stack(0x000000001c5b0000,0x000000001c6b0000)]
  0x000000001b0e1000 JavaThread "Incoming local TCP Connector on port 52546" [_thread_in_native, id=47916, stack(0x000000001c410000,0x000000001c510000)]
  0x0000000019fca000 JavaThread "Service Thread" daemon [_thread_blocked, id=44284, stack(0x000000001a840000,0x000000001a940000)]
  0x0000000019f4e800 JavaThread "C1 CompilerThread2" daemon [_thread_in_vm, id=43372, stack(0x000000001a740000,0x000000001a840000)]
  0x0000000018c3c000 JavaThread "C2 CompilerThread1" daemon [_thread_in_native, id=26224, stack(0x000000001a640000,0x000000001a740000)]
=>0x0000000018c39800 JavaThread "C2 CompilerThread0" daemon [_thread_in_native, id=47848, stack(0x000000001a540000,0x000000001a640000)]
  0x0000000018bed800 JavaThread "Attach Listener" daemon [_thread_blocked, id=42896, stack(0x000000001a440000,0x000000001a540000)]
  0x0000000019f48800 JavaThread "Signal Dispatcher" daemon [_thread_blocked, id=36796, stack(0x000000001a340000,0x000000001a440000)]
  0x0000000005268800 JavaThread "Finalizer" daemon [_thread_blocked, id=39760, stack(0x0000000019e40000,0x0000000019f40000)]
  0x0000000005263000 JavaThread "Reference Handler" daemon [_thread_blocked, id=22728, stack(0x0000000019d40000,0x0000000019e40000)]
  0x000000000516d800 JavaThread "main" [_thread_blocked, id=47788, stack(0x0000000004fe0000,0x00000000050e0000)]

Other Threads:
  0x0000000018ba5000 VMThread [stack: 0x0000000019c40000,0x0000000019d40000] [id=32524]
  0x0000000019fdc000 WatcherThread [stack: 0x000000001a940000,0x000000001aa40000] [id=47908]

VM state:not at safepoint (normal execution)

VM Mutex/Monitor currently owned by a thread: None

Heap:
 PSYoungGen      total 204288K, used 137201K [0x00000000e0000000, 0x00000000ee280000, 0x0000000100000000)
  eden space 185344K, 68% used [0x00000000e0000000,0x00000000e7cc0ef0,0x00000000eb500000)
  from space 18944K, 49% used [0x00000000ec980000,0x00000000ed2bb810,0x00000000edc00000)
  to   space 20992K, 0% used [0x00000000eb500000,0x00000000eb500000,0x00000000ec980000)
 ParOldGen       total 99840K, used 38412K [0x00000000a0000000, 0x00000000a6180000, 0x00000000e0000000)
  object space 99840K, 38% used [0x00000000a0000000,0x00000000a2583060,0x00000000a6180000)
 Metaspace       used 67209K, capacity 69982K, committed 70272K, reserved 1110016K
  class space    used 8908K, capacity 9492K, committed 9600K, reserved 1048576K

Card table byte_map: [0x0000000014630000,0x0000000014940000] byte_map_base: 0x0000000014130000

Marking Bits: (ParMarkBitMap*) 0x000000006a0c4970
 Begin Bits: [0x0000000014f40000, 0x0000000016740000)
 End Bits:   [0x0000000016740000, 0x0000000017f40000)

Polling page: 0x0000000002f40000

CodeCache: size=245760Kb used=31545Kb max_used=31555Kb free=214214Kb
 bounds [0x0000000005270000, 0x0000000007170000, 0x0000000014270000]
 total_blobs=10787 nmethods=9986 adapters=711
 compilation: enabled

Compilation events (10 events):
Event: 26.330 Thread 0x0000000019f4e800 11674       1       com.android.tools.r8.code.Format22b::collectIndexedItems (1 bytes)
Event: 26.331 Thread 0x0000000019f4e800 nmethod 11674 0x000000000715db50 code [0x000000000715dca0, 0x000000000715ddb0]
Event: 26.363 Thread 0x0000000019f4e800 11677       2       com.android.tools.r8.code.AgetWide::collectIndexedItems (6 bytes)
Event: 26.363 Thread 0x0000000019f4e800 nmethod 11677 0x000000000715d810 code [0x000000000715d960, 0x000000000715dab0]
Event: 26.363 Thread 0x0000000019f4e800 11678       2       com.android.tools.r8.graph.DexValue$DexValueMethod::collectIndexedItems (12 bytes)
Event: 26.363 Thread 0x0000000019f4e800 nmethod 11678 0x000000000715d410 code [0x000000000715d580, 0x000000000715d728]
Event: 26.363 Thread 0x0000000019f4e800 11679       2       com.android.tools.r8.code.AddInt::collectIndexedItems (6 bytes)
Event: 26.363 Thread 0x0000000019f4e800 nmethod 11679 0x000000000715d0d0 code [0x000000000715d220, 0x000000000715d370]
Event: 26.364 Thread 0x0000000019f4e800 11680       2       com.android.tools.r8.code.CmplFloat::collectIndexedItems (6 bytes)
Event: 26.365 Thread 0x0000000019f4e800 nmethod 11680 0x000000000715cd90 code [0x000000000715cee0, 0x000000000715d030]

GC Heap History (10 events):
Event: 11.624 GC heap before
{Heap before GC invocations=11 (full 2):
 PSYoungGen      total 165888K, used 165880K [0x00000000e0000000, 0x00000000ece00000, 0x0000000100000000)
  eden space 153088K, 100% used [0x00000000e0000000,0x00000000e9580000,0x00000000e9580000)
  from space 12800K, 99% used [0x00000000ea400000,0x00000000eb07e2c8,0x00000000eb080000)
  to   space 14848K, 0% used [0x00000000e9580000,0x00000000e9580000,0x00000000ea400000)
 ParOldGen       total 99840K, used 21168K [0x00000000a0000000, 0x00000000a6180000, 0x00000000e0000000)
  object space 99840K, 21% used [0x00000000a0000000,0x00000000a14ac110,0x00000000a6180000)
 Metaspace       used 53130K, capacity 54796K, committed 55040K, reserved 1097728K
  class space    used 7243K, capacity 7640K, committed 7680K, reserved 1048576K
Event: 11.650 GC heap after
Heap after GC invocations=11 (full 2):
 PSYoungGen      total 167936K, used 14845K [0x00000000e0000000, 0x00000000edc00000, 0x0000000100000000)
  eden space 153088K, 0% used [0x00000000e0000000,0x00000000e0000000,0x00000000e9580000)
  from space 14848K, 99% used [0x00000000e9580000,0x00000000ea3ff690,0x00000000ea400000)
  to   space 18944K, 0% used [0x00000000ec980000,0x00000000ec980000,0x00000000edc00000)
 ParOldGen       total 99840K, used 26592K [0x00000000a0000000, 0x00000000a6180000, 0x00000000e0000000)
  object space 99840K, 26% used [0x00000000a0000000,0x00000000a19f81c8,0x00000000a6180000)
 Metaspace       used 53130K, capacity 54796K, committed 55040K, reserved 1097728K
  class space    used 7243K, capacity 7640K, committed 7680K, reserved 1048576K
}
Event: 15.977 GC heap before
{Heap before GC invocations=12 (full 2):
 PSYoungGen      total 167936K, used 137769K [0x00000000e0000000, 0x00000000edc00000, 0x0000000100000000)
  eden space 153088K, 80% used [0x00000000e0000000,0x00000000e780add0,0x00000000e9580000)
  from space 14848K, 99% used [0x00000000e9580000,0x00000000ea3ff690,0x00000000ea400000)
  to   space 18944K, 0% used [0x00000000ec980000,0x00000000ec980000,0x00000000edc00000)
 ParOldGen       total 99840K, used 26592K [0x00000000a0000000, 0x00000000a6180000, 0x00000000e0000000)
  object space 99840K, 26% used [0x00000000a0000000,0x00000000a19f81c8,0x00000000a6180000)
 Metaspace       used 57131K, capacity 58930K, committed 59028K, reserved 1099776K
  class space    used 7718K, capacity 8150K, committed 8192K, reserved 1048576K
Event: 16.062 GC heap after
Heap after GC invocations=12 (full 2):
 PSYoungGen      total 204288K, used 16846K [0x00000000e0000000, 0x00000000ee280000, 0x0000000100000000)
  eden space 185344K, 0% used [0x00000000e0000000,0x00000000e0000000,0x00000000eb500000)
  from space 18944K, 88% used [0x00000000ec980000,0x00000000ed9f3bb0,0x00000000edc00000)
  to   space 20992K, 0% used [0x00000000eb500000,0x00000000eb500000,0x00000000ec980000)
 ParOldGen       total 99840K, used 34770K [0x00000000a0000000, 0x00000000a6180000, 0x00000000e0000000)
  object space 99840K, 34% used [0x00000000a0000000,0x00000000a21f4b90,0x00000000a6180000)
 Metaspace       used 57131K, capacity 58930K, committed 59028K, reserved 1099776K
  class space    used 7718K, capacity 8150K, committed 8192K, reserved 1048576K
}
Event: 16.062 GC heap before
{Heap before GC invocations=13 (full 3):
 PSYoungGen      total 204288K, used 16846K [0x00000000e0000000, 0x00000000ee280000, 0x0000000100000000)
  eden space 185344K, 0% used [0x00000000e0000000,0x00000000e0000000,0x00000000eb500000)
  from space 18944K, 88% used [0x00000000ec980000,0x00000000ed9f3bb0,0x00000000edc00000)
  to   space 20992K, 0% used [0x00000000eb500000,0x00000000eb500000,0x00000000ec980000)
 ParOldGen       total 99840K, used 34770K [0x00000000a0000000, 0x00000000a6180000, 0x00000000e0000000)
  object space 99840K, 34% used [0x00000000a0000000,0x00000000a21f4b90,0x00000000a6180000)
 Metaspace       used 57131K, capacity 58930K, committed 59028K, reserved 1099776K
  class space    used 7718K, capacity 8150K, committed 8192K, reserved 1048576K
Event: 16.678 GC heap after
Heap after GC invocations=13 (full 3):
 PSYoungGen      total 204288K, used 0K [0x00000000e0000000, 0x00000000ee280000, 0x0000000100000000)
  eden space 185344K, 0% used [0x00000000e0000000,0x00000000e0000000,0x00000000eb500000)
  from space 18944K, 0% used [0x00000000ec980000,0x00000000ec980000,0x00000000edc00000)
  to   space 20992K, 0% used [0x00000000eb500000,0x00000000eb500000,0x00000000ec980000)
 ParOldGen       total 99840K, used 38396K [0x00000000a0000000, 0x00000000a6180000, 0x00000000e0000000)
  object space 99840K, 38% used [0x00000000a0000000,0x00000000a257f060,0x00000000a6180000)
 Metaspace       used 57131K, capacity 58930K, committed 59028K, reserved 1099776K
  class space    used 7718K, capacity 8150K, committed 8192K, reserved 1048576K
}
Event: 21.984 GC heap before
{Heap before GC invocations=14 (full 3):
 PSYoungGen      total 204288K, used 185223K [0x00000000e0000000, 0x00000000ee280000, 0x0000000100000000)
  eden space 185344K, 99% used [0x00000000e0000000,0x00000000eb4e1e58,0x00000000eb500000)
  from space 18944K, 0% used [0x00000000ec980000,0x00000000ec980000,0x00000000edc00000)
  to   space 20992K, 0% used [0x00000000eb500000,0x00000000eb500000,0x00000000ec980000)
 ParOldGen       total 99840K, used 38396K [0x00000000a0000000, 0x00000000a6180000, 0x00000000e0000000)
  object space 99840K, 38% used [0x00000000a0000000,0x00000000a257f060,0x00000000a6180000)
 Metaspace       used 65900K, capacity 68566K, committed 68864K, reserved 1107968K
  class space    used 8796K, capacity 9346K, committed 9472K, reserved 1048576K
Event: 22.011 GC heap after
Heap after GC invocations=14 (full 3):
 PSYoungGen      total 206336K, used 10329K [0x00000000e0000000, 0x00000000ee280000, 0x0000000100000000)
  eden space 185344K, 0% used [0x00000000e0000000,0x00000000e0000000,0x00000000eb500000)
  from space 20992K, 49% used [0x00000000eb500000,0x00000000ebf16508,0x00000000ec980000)
  to   space 18944K, 0% used [0x00000000ec980000,0x00000000ec980000,0x00000000edc00000)
 ParOldGen       total 99840K, used 38404K [0x00000000a0000000, 0x00000000a6180000, 0x00000000e0000000)
  object space 99840K, 38% used [0x00000000a0000000,0x00000000a2581060,0x00000000a6180000)
 Metaspace       used 65900K, capacity 68566K, committed 68864K, reserved 1107968K
  class space    used 8796K, capacity 9346K, committed 9472K, reserved 1048576K
}
Event: 25.032 GC heap before
{Heap before GC invocations=15 (full 3):
 PSYoungGen      total 206336K, used 195551K [0x00000000e0000000, 0x00000000ee280000, 0x0000000100000000)
  eden space 185344K, 99% used [0x00000000e0000000,0x00000000eb4e1768,0x00000000eb500000)
  from space 20992K, 49% used [0x00000000eb500000,0x00000000ebf16508,0x00000000ec980000)
  to   space 18944K, 0% used [0x00000000ec980000,0x00000000ec980000,0x00000000edc00000)
 ParOldGen       total 99840K, used 38404K [0x00000000a0000000, 0x00000000a6180000, 0x00000000e0000000)
  object space 99840K, 38% used [0x00000000a0000000,0x00000000a2581060,0x00000000a6180000)
 Metaspace       used 66469K, capacity 69148K, committed 69376K, reserved 1110016K
  class space    used 8830K, capacity 9381K, committed 9472K, reserved 1048576K
Event: 25.042 GC heap after
Heap after GC invocations=15 (full 3):
 PSYoungGen      total 204288K, used 9454K [0x00000000e0000000, 0x00000000ee280000, 0x0000000100000000)
  eden space 185344K, 0% used [0x00000000e0000000,0x00000000e0000000,0x00000000eb500000)
  from space 18944K, 49% used [0x00000000ec980000,0x00000000ed2bb810,0x00000000edc00000)
  to   space 20992K, 0% used [0x00000000eb500000,0x00000000eb500000,0x00000000ec980000)
 ParOldGen       total 99840K, used 38412K [0x00000000a0000000, 0x00000000a6180000, 0x00000000e0000000)
  object space 99840K, 38% used [0x00000000a0000000,0x00000000a2583060,0x00000000a6180000)
 Metaspace       used 66469K, capacity 69148K, committed 69376K, reserved 1110016K
  class space    used 8830K, capacity 9381K, committed 9472K, reserved 1048576K
}

Deoptimization events (10 events):
Event: 25.091 Thread 0x000000001bea3000 Uncommon trap: reason=unstable_if action=reinterpret pc=0x000000000632e714 method=java.nio.Bits.getShort(Ljava/nio/ByteBuffer;IZ)S @ 1
Event: 25.270 Thread 0x000000001bea3000 Uncommon trap: reason=unstable_if action=reinterpret pc=0x0000000007008834 method=com.android.tools.r8.graph.DexProto.computeEquals(Ljava/lang/Object;)Z @ 51
Event: 25.325 Thread 0x000000001a0df800 Uncommon trap: reason=class_check action=maybe_recompile pc=0x0000000007015394 method=com.android.tools.r8.dex.DexFileReader.cacheAt(ILjava/util/function/Supplier;)Ljava/lang/Object; @ 32
Event: 25.352 Thread 0x000000001a0d9000 Uncommon trap: reason=unstable_if action=reinterpret pc=0x0000000005ef2530 method=java.util.Arrays.hashCode([Ljava/lang/Object;)I @ 1
Event: 25.352 Thread 0x000000001a0d9000 Uncommon trap: reason=class_check action=maybe_recompile pc=0x0000000007015394 method=com.android.tools.r8.dex.DexFileReader.cacheAt(ILjava/util/function/Supplier;)Ljava/lang/Object; @ 32
Event: 25.352 Thread 0x000000001a0d9000 Uncommon trap: reason=class_check action=maybe_recompile pc=0x0000000007015394 method=com.android.tools.r8.dex.DexFileReader.cacheAt(ILjava/util/function/Supplier;)Ljava/lang/Object; @ 32
Event: 25.352 Thread 0x000000001a0d9000 Uncommon trap: reason=class_check action=maybe_recompile pc=0x0000000007015394 method=com.android.tools.r8.dex.DexFileReader.cacheAt(ILjava/util/function/Supplier;)Ljava/lang/Object; @ 32
Event: 25.365 Thread 0x000000001a0df800 Uncommon trap: reason=unstable_if action=reinterpret pc=0x0000000007010150 method=com.android.tools.r8.graph.DexMethod.computeEquals(Ljava/lang/Object;)Z @ 37
Event: 25.803 Thread 0x000000001a0d9000 Uncommon trap: reason=unloaded action=reinterpret pc=0x00000000070d6140 method=com.android.tools.r8.code.BaseInstructionFactory.create(IILcom/android/tools/r8/code/BytecodeStream;Lcom/android/tools/r8/graph/OffsetToObjectMapping;)Lcom/android/tools/r8/cod
Event: 25.867 Thread 0x000000001a0df800 Uncommon trap: reason=unstable_if action=reinterpret pc=0x0000000006a30280 method=com.android.tools.r8.utils.IdentifierUtils.isSimpleNameChar(C)Z @ 51

Classes redefined (0 events):
No events

Internal exceptions (10 events):
Event: 24.247 Thread 0x000000001a0df000 Exception <a 'sun/nio/fs/WindowsException'> (0x00000000e9fcd738) thrown at [D:\src\AOSP-openjdk-cygwin\jdk8u\hotspot\src\share\vm\prims\jni.cpp, line 709]
Event: 24.247 Thread 0x000000001a0df000 Exception <a 'sun/nio/fs/WindowsException'> (0x00000000e9fcde68) thrown at [D:\src\AOSP-openjdk-cygwin\jdk8u\hotspot\src\share\vm\prims\jni.cpp, line 709]
Event: 24.247 Thread 0x000000001a0df000 Exception <a 'sun/nio/fs/WindowsException'> (0x00000000e9fce6b8) thrown at [D:\src\AOSP-openjdk-cygwin\jdk8u\hotspot\src\share\vm\prims\jni.cpp, line 709]
Event: 24.247 Thread 0x000000001a0df000 Exception <a 'sun/nio/fs/WindowsException'> (0x00000000e9fcedc8) thrown at [D:\src\AOSP-openjdk-cygwin\jdk8u\hotspot\src\share\vm\prims\jni.cpp, line 709]
Event: 24.247 Thread 0x000000001a0df000 Exception <a 'sun/nio/fs/WindowsException'> (0x00000000e9fcf608) thrown at [D:\src\AOSP-openjdk-cygwin\jdk8u\hotspot\src\share\vm\prims\jni.cpp, line 709]
Event: 24.247 Thread 0x000000001a0df000 Exception <a 'sun/nio/fs/WindowsException'> (0x00000000e9fcfcd8) thrown at [D:\src\AOSP-openjdk-cygwin\jdk8u\hotspot\src\share\vm\prims\jni.cpp, line 709]
Event: 24.247 Thread 0x000000001a0df000 Exception <a 'sun/nio/fs/WindowsException'> (0x00000000e9fd04f8) thrown at [D:\src\AOSP-openjdk-cygwin\jdk8u\hotspot\src\share\vm\prims\jni.cpp, line 709]
Event: 24.254 Thread 0x000000001a0df000 Exception <a 'sun/nio/fs/WindowsException'> (0x00000000e9fe0710) thrown at [D:\src\AOSP-openjdk-cygwin\jdk8u\hotspot\src\share\vm\prims\jni.cpp, line 709]
Event: 25.073 Thread 0x000000001bea3000 Exception <a 'sun/nio/fs/WindowsException'> (0x00000000e0890ac0) thrown at [D:\src\AOSP-openjdk-cygwin\jdk8u\hotspot\src\share\vm\prims\jni.cpp, line 709]
Event: 25.352 Thread 0x000000001a0d9000 Implicit null exception at 0x0000000005ef242f to 0x0000000005ef2521

Events (10 events):
Event: 26.105 Thread 0x000000001bea3000 DEOPT UNPACKING pc=0x00000000052b75d0 sp=0x000000001ccaa348 mode 0
Event: 26.107 Thread 0x000000001bea3000 DEOPT PACKING pc=0x0000000006ceb5c6 sp=0x000000001ccaa5d0
Event: 26.107 Thread 0x000000001bea3000 DEOPT UNPACKING pc=0x00000000052b75d0 sp=0x000000001ccaa348 mode 0
Event: 26.111 Thread 0x000000001bea3000 DEOPT PACKING pc=0x0000000006ceb5c6 sp=0x000000001ccaa5d0
Event: 26.111 Thread 0x000000001bea3000 DEOPT UNPACKING pc=0x00000000052b75d0 sp=0x000000001ccaa348 mode 0
Event: 26.213 Thread 0x000000001bea3000 DEOPT PACKING pc=0x0000000006d99f6f sp=0x000000001ccaa560
Event: 26.213 Thread 0x000000001bea3000 DEOPT UNPACKING pc=0x00000000052b75d0 sp=0x000000001ccaa330 mode 0
Event: 26.264 Executing VM operation: RevokeBias
Event: 26.264 Executing VM operation: RevokeBias done
Event: 26.264 Thread 0x000000001c1a5000 Thread exited: 0x000000001c1a5000


Dynamic libraries:
0x00007ff77d2d0000 - 0x00007ff77d301000 	D:\Android\AndroidStudio\jre\bin\java.exe
0x00007ffb9ac30000 - 0x00007ffb9ae10000 	C:\Windows\SYSTEM32\ntdll.dll
0x00007ffb990f0000 - 0x00007ffb9919e000 	C:\Windows\System32\KERNEL32.DLL
0x00007ffb97030000 - 0x00007ffb97296000 	C:\Windows\System32\KERNELBASE.dll
0x00007ffb98cf0000 - 0x00007ffb98d91000 	C:\Windows\System32\ADVAPI32.dll
0x00007ffb9a8c0000 - 0x00007ffb9a95d000 	C:\Windows\System32\msvcrt.dll
0x00007ffb9a860000 - 0x00007ffb9a8bb000 	C:\Windows\System32\sechost.dll
0x00007ffb98da0000 - 0x00007ffb98ebf000 	C:\Windows\System32\RPCRT4.dll
0x00007ffb98ec0000 - 0x00007ffb9904e000 	C:\Windows\System32\USER32.dll
0x00007ffb972a0000 - 0x00007ffb972c0000 	C:\Windows\System32\win32u.dll
0x00007ffb9a660000 - 0x00007ffb9a688000 	C:\Windows\System32\GDI32.dll
0x00007ffb97310000 - 0x00007ffb974a1000 	C:\Windows\System32\gdi32full.dll
0x00007ffb97ce0000 - 0x00007ffb97d7b000 	C:\Windows\System32\msvcp_win.dll
0x00007ffb98000000 - 0x00007ffb980f6000 	C:\Windows\System32\ucrtbase.dll
0x00007ffb86ef0000 - 0x00007ffb87159000 	C:\Windows\WinSxS\amd64_microsoft.windows.common-controls_6595b64144ccf1df_6.0.16299.15_none_cc92fb402215d91d\COMCTL32.dll
0x00007ffb98890000 - 0x00007ffb98b98000 	C:\Windows\System32\combase.dll
0x00007ffb97c60000 - 0x00007ffb97cd2000 	C:\Windows\System32\bcryptPrimitives.dll
0x00007ffb981f0000 - 0x00007ffb9821d000 	C:\Windows\System32\IMM32.DLL
0x0000000069820000 - 0x00000000698f2000 	D:\Android\AndroidStudio\jre\jre\bin\msvcr100.dll
0x0000000069900000 - 0x000000006a13f000 	D:\Android\AndroidStudio\jre\jre\bin\server\jvm.dll
0x00007ffb98160000 - 0x00007ffb98168000 	C:\Windows\System32\PSAPI.DLL
0x00007ffb95c70000 - 0x00007ffb95c7a000 	C:\Windows\SYSTEM32\VERSION.dll
0x00007ffb8bdb0000 - 0x00007ffb8bdd3000 	C:\Windows\SYSTEM32\WINMM.dll
0x00007ffb95c90000 - 0x00007ffb95c99000 	C:\Windows\SYSTEM32\WSOCK32.dll
0x00007ffb98170000 - 0x00007ffb981dc000 	C:\Windows\System32\WS2_32.dll
0x00007ffb8bd80000 - 0x00007ffb8bdaa000 	C:\Windows\SYSTEM32\WINMMBASE.dll
0x00007ffb972c0000 - 0x00007ffb9730a000 	C:\Windows\System32\cfgmgr32.dll
0x00007ffb95c80000 - 0x00007ffb95c8f000 	D:\Android\AndroidStudio\jre\jre\bin\verify.dll
0x00007ffb94fc0000 - 0x00007ffb94fe9000 	D:\Android\AndroidStudio\jre\jre\bin\java.dll
0x00007ffb94f10000 - 0x00007ffb94f26000 	D:\Android\AndroidStudio\jre\jre\bin\zip.dll
0x00007ffb99220000 - 0x00007ffb9a657000 	C:\Windows\System32\SHELL32.dll
0x00007ffb98780000 - 0x00007ffb98826000 	C:\Windows\System32\shcore.dll
0x00007ffb97510000 - 0x00007ffb97c57000 	C:\Windows\System32\windows.storage.dll
0x00007ffb98830000 - 0x00007ffb98881000 	C:\Windows\System32\shlwapi.dll
0x00007ffb96fa0000 - 0x00007ffb96fb1000 	C:\Windows\System32\kernel.appcore.dll
0x00007ffb96fc0000 - 0x00007ffb9700c000 	C:\Windows\System32\powrprof.dll
0x00007ffb96f80000 - 0x00007ffb96f9b000 	C:\Windows\System32\profapi.dll
0x00007ffb94ef0000 - 0x00007ffb94f0a000 	D:\Android\AndroidStudio\jre\jre\bin\net.dll
0x00007ffb967b0000 - 0x00007ffb96816000 	C:\Windows\system32\mswsock.dll
0x00007ffb94ed0000 - 0x00007ffb94ee1000 	D:\Android\AndroidStudio\jre\jre\bin\nio.dll
0x00007ffb93d20000 - 0x00007ffb93d3e000 	D:\Android\gradle\native\25\windows-amd64\native-platform.dll
0x00007ffb95bd0000 - 0x00007ffb95bdd000 	D:\Android\AndroidStudio\jre\jre\bin\management.dll
0x00007ffb96970000 - 0x00007ffb96987000 	C:\Windows\SYSTEM32\CRYPTSP.dll
0x00007ffb963c0000 - 0x00007ffb963f3000 	C:\Windows\system32\rsaenh.dll
0x00007ffb96a80000 - 0x00007ffb96aa5000 	C:\Windows\SYSTEM32\bcrypt.dll
0x00007ffb96eb0000 - 0x00007ffb96ed9000 	C:\Windows\SYSTEM32\USERENV.dll
0x00007ffb96990000 - 0x00007ffb9699b000 	C:\Windows\SYSTEM32\CRYPTBASE.dll
0x00007ffb96540000 - 0x00007ffb96579000 	C:\Windows\SYSTEM32\IPHLPAPI.DLL
0x00007ffb981e0000 - 0x00007ffb981e8000 	C:\Windows\System32\NSI.dll
0x00007ffb92b20000 - 0x00007ffb92b36000 	C:\Windows\SYSTEM32\dhcpcsvc6.DLL
0x00007ffb92c10000 - 0x00007ffb92c2a000 	C:\Windows\SYSTEM32\dhcpcsvc.DLL
0x00007ffb960c0000 - 0x00007ffb960f1000 	C:\Windows\SYSTEM32\ntmarta.dll

VM Arguments:
jvm_args: -Xmx1536m -Dfile.encoding=GBK -Duser.country=CN -Duser.language=zh -Duser.variant 
java_command: org.gradle.launcher.daemon.bootstrap.GradleDaemon 4.4
java_class_path (initial): D:\Android\gradle\wrapper\dists\gradle-4.4-all\9br9xq1tocpiv8o6njlyu5op1\gradle-4.4\lib\gradle-launcher-4.4.jar
Launcher Type: SUN_STANDARD

Environment Variables:
PATH=C:\Windows\system32;C:\Windows;C:\Windows\System32\Wbem;C:\Windows\System32\WindowsPowerShell\v1.0\;C:\Program Files (x86)\NVIDIA Corporation\PhysX\Common;C:\Users\Administrator\AppData\Local\Microsoft\WindowsApps;C:\Users\Administrator\AppData\Local\GitHubDesktop\bin
USERNAME=Administrator
OS=Windows_NT
PROCESSOR_IDENTIFIER=Intel64 Family 6 Model 58 Stepping 9, GenuineIntel



---------------  S Y S T E M  ---------------

OS: Windows 10.0 , 64 bit Build 16299 (10.0.16299.15)

CPU:total 4 (initial active 4) (2 cores per cpu, 2 threads per core) family 6 model 58 stepping 9, cmov, cx8, fxsr, mmx, sse, sse2, sse3, ssse3, sse4.1, sse4.2, popcnt, avx, clmul, erms, ht, tsc, tscinvbit, tscinv

Memory: 4k page, physical 8281380k(1073672k free), swap 8281380k(4320k free)

vm_info: OpenJDK 64-Bit Server VM (25.152-b02) for windows-amd64 JRE (1.8.0_152-release-1024-b02), built by "builder" with MS VC++ 10.0 (VS2010)

time: Sun May 13 19:34:41 2018
elapsed time: 26 seconds (0d 0h 0m 26s)

