#
# There is insufficient memory for the Java Runtime Environment to continue.
# Native memory allocation (malloc) failed to allocate 926816 bytes for Chunk::new
# Possible reasons:
#   The system is out of physical RAM or swap space
#   In 32 bit mode, the process size limit was hit
# Possible solutions:
#   Reduce memory load on the system
#   Increase physical memory or swap space
#   Check if swap backing store is full
#   Use 64 bit Java on a 64 bit OS
#   Decrease Java heap size (-Xmx/-Xms)
#   Decrease number of Java threads
#   Decrease Java thread stack sizes (-Xss)
#   Set larger code cache with -XX:ReservedCodeCacheSize=
# This output file may be truncated or incomplete.
#
#  Out of Memory Error (allocation.cpp:390), pid=46704, tid=0x000000000000b500
#
# JRE version: OpenJDK Runtime Environment (8.0_152-b02) (build 1.8.0_152-release-1024-b02)
# Java VM: OpenJDK 64-Bit Server VM (25.152-b02 mixed mode windows-amd64 compressed oops)
# Failed to write core dump. Minidumps are not enabled by default on client versions of Windows
#

---------------  T H R E A D  ---------------

Current thread (0x000000001894d000):  JavaThread "C2 CompilerThread0" daemon [_thread_in_native, id=46336, stack(0x000000001a290000,0x000000001a390000)]

Stack: [0x000000001a290000,0x000000001a390000]
[error occurred during error reporting (printing stack bounds), id 0xc0000005]

Native frames: (J=compiled Java code, j=interpreted, Vv=VM code, C=native code)


Current CompileTask:
C2: 196472 11726       4       com.sun.tools.javac.file.ZipFileIndex$ZipDirectory::readEntry (587 bytes)


---------------  P R O C E S S  ---------------

Java Threads: ( => current thread )
  0x000000001bda6000 JavaThread "Cache worker for Java compile cache (D:\Android\TEST\CoolWeather\.gradle\4.4\javaCompile)" [_thread_blocked, id=44228, stack(0x000000002df50000,0x000000002e050000)]
  0x000000001bdaa000 JavaThread "RMI TCP Connection(3)-127.0.0.1" daemon [_thread_in_native, id=42776, stack(0x000000002de50000,0x000000002df50000)]
  0x000000001bda4800 JavaThread "RMI RenewClean-[localhost:17012,org.jetbrains.kotlin.daemon.common.LoopbackNetworkInterface$ClientLoopbackSocketFactory@3d2b56ce]" daemon [_thread_blocked, id=48116, stack(0x000000002dd50000,0x000000002de50000)]
  0x000000001bda5800 JavaThread "RMI RenewClean-[localhost:17430,org.jetbrains.kotlin.daemon.common.LoopbackNetworkInterface$ClientLoopbackSocketFactory@baec9eb]" daemon [_thread_blocked, id=48056, stack(0x000000002dc50000,0x000000002dd50000)]
  0x000000001bda8800 JavaThread "RMI RenewClean-[localhost:17430,org.jetbrains.kotlin.daemon.common.LoopbackNetworkInterface$ClientLoopbackSocketFactory@34cfdfef]" daemon [_thread_blocked, id=47860, stack(0x000000002da50000,0x000000002db50000)]
  0x000000001bda4000 JavaThread "Task worker for ':' Thread 3" [_thread_blocked, id=47560, stack(0x000000002cc50000,0x000000002cd50000)]
  0x000000001addd000 JavaThread "Task worker for ':' Thread 2" [_thread_blocked, id=47564, stack(0x000000002cb50000,0x000000002cc50000)]
  0x000000001addc800 JavaThread "Task worker for ':'" [_thread_blocked, id=47604, stack(0x000000002ca50000,0x000000002cb50000)]
  0x000000001addb000 JavaThread "Cache worker for Build Output Cleanup Cache (D:\Android\TEST\CoolWeather\.gradle\buildOutputCleanup)" [_thread_blocked, id=47600, stack(0x000000002c950000,0x000000002ca50000)]
  0x000000001addb800 JavaThread "Cache worker for task history cache (D:\Android\TEST\CoolWeather\.gradle\4.4\taskHistory)" [_thread_blocked, id=47672, stack(0x000000002c850000,0x000000002c950000)]
  0x000000001add3800 JavaThread "Cache worker for file content cache (D:\Android\TEST\CoolWeather\.gradle\4.4\fileContent)" [_thread_blocked, id=47680, stack(0x000000002c750000,0x000000002c850000)]
  0x000000001adda000 JavaThread "build operations Thread 4" [_thread_blocked, id=47704, stack(0x000000002c650000,0x000000002c750000)]
  0x000000001add2800 JavaThread "build operations Thread 3" [_thread_blocked, id=47796, stack(0x000000002c550000,0x000000002c650000)]
  0x000000001add9800 JavaThread "build operations Thread 2" [_thread_blocked, id=27264, stack(0x000000002c450000,0x000000002c550000)]
  0x000000001add4000 JavaThread "build operations" [_thread_blocked, id=47784, stack(0x000000002c350000,0x000000002c450000)]
  0x000000001add8000 JavaThread "Cache worker for Artifact transforms cache (D:\Android\gradle\caches\transforms-1)" [_thread_blocked, id=47768, stack(0x000000002c250000,0x000000002c350000)]
  0x000000001add0800 JavaThread "Cache worker for file hash cache (D:\Android\TEST\CoolWeather\.gradle\4.4\fileHashes)" [_thread_blocked, id=37932, stack(0x000000002c150000,0x000000002c250000)]
  0x000000001add7000 JavaThread "Stdin handler" [_thread_blocked, id=22896, stack(0x000000002c050000,0x000000002c150000)]
  0x000000001add5800 JavaThread "Asynchronous log dispatcher for DefaultDaemonConnection: socket connection from /127.0.0.1:52287 to /127.0.0.1:52405" [_thread_blocked, id=46300, stack(0x000000002bf50000,0x000000002c050000)]
  0x000000001adce000 JavaThread "Cancel handler" [_thread_blocked, id=47752, stack(0x000000002be50000,0x000000002bf50000)]
  0x000000001adcf800 JavaThread "Handler for socket connection from /127.0.0.1:52287 to /127.0.0.1:52405" [_thread_in_native, id=47760, stack(0x000000002bd50000,0x000000002be50000)]
  0x000000001add1000 JavaThread "File lock release action executor" [_thread_blocked, id=47428, stack(0x000000002bc50000,0x000000002bd50000)]
  0x000000001add5000 JavaThread "Java2D Disposer" daemon [_thread_blocked, id=37988, stack(0x000000002a050000,0x000000002a150000)]
  0x000000001bd31000 JavaThread "Daemon worker Thread 2" [_thread_in_Java, id=46760, stack(0x0000000028950000,0x0000000028a50000)]
  0x000000001bd35000 JavaThread "Daemon Thread 2" [_thread_blocked, id=33964, stack(0x0000000028650000,0x0000000028750000)]
  0x000000001bd37000 JavaThread "RMI RenewClean-[localhost:17523,org.jetbrains.kotlin.daemon.common.LoopbackNetworkInterface$ClientLoopbackSocketFactory@5574a638]" daemon [_thread_blocked, id=20396, stack(0x0000000028450000,0x0000000028550000)]
  0x000000001bda2000 JavaThread "RMI Reaper" [_thread_blocked, id=40264, stack(0x00000000259c0000,0x0000000025ac0000)]
  0x000000001bda7800 JavaThread "RMI TCP Accept-0" daemon [_thread_in_native, id=46884, stack(0x00000000258c0000,0x00000000259c0000)]
  0x000000001bda3000 JavaThread "RMI RenewClean-[localhost:17359,org.jetbrains.kotlin.daemon.common.LoopbackNetworkInterface$ClientLoopbackSocketFactory@51d009b2]" daemon [_thread_blocked, id=34884, stack(0x00000000257c0000,0x00000000258c0000)]
  0x000000001bda7000 JavaThread "GC Daemon" daemon [_thread_blocked, id=10576, stack(0x00000000256c0000,0x00000000257c0000)]
  0x000000001bda9000 JavaThread "RMI Scheduler(0)" daemon [_thread_blocked, id=39908, stack(0x00000000254c0000,0x00000000255c0000)]
  0x000000001bd36800 JavaThread "Memory manager" [_thread_blocked, id=42956, stack(0x00000000229d0000,0x0000000022ad0000)]
  0x000000001b5c2000 JavaThread "File lock request listener" [_thread_in_native, id=27240, stack(0x000000001cf00000,0x000000001d000000)]
  0x000000001b5d8000 JavaThread "Cache worker for file hash cache (D:\Android\gradle\caches\4.4\fileHashes)" [_thread_blocked, id=45288, stack(0x000000001ce00000,0x000000001cf00000)]
  0x000000001b6e1000 JavaThread "Daemon periodic checks" [_thread_blocked, id=45268, stack(0x000000001c300000,0x000000001c400000)]
  0x000000001b4db000 JavaThread "Incoming local TCP Connector on port 52287" [_thread_in_native, id=46972, stack(0x000000001c160000,0x000000001c260000)]
  0x0000000019d12000 JavaThread "Service Thread" daemon [_thread_blocked, id=6948, stack(0x000000001a590000,0x000000001a690000)]
  0x0000000019c9b000 JavaThread "C1 CompilerThread2" daemon [_thread_in_native, id=33552, stack(0x000000001a490000,0x000000001a590000)]
  0x000000001899c000 JavaThread "C2 CompilerThread1" daemon [_thread_in_native, id=46792, stack(0x000000001a390000,0x000000001a490000)]
=>0x000000001894d000 JavaThread "C2 CompilerThread0" daemon [_thread_in_native, id=46336, stack(0x000000001a290000,0x000000001a390000)]
  0x0000000018999800 JavaThread "Attach Listener" daemon [_thread_blocked, id=42020, stack(0x000000001a190000,0x000000001a290000)]
  0x0000000019c98800 JavaThread "Signal Dispatcher" daemon [_thread_blocked, id=46780, stack(0x000000001a090000,0x000000001a190000)]
  0x0000000018927800 JavaThread "Finalizer" daemon [_thread_blocked, id=31848, stack(0x0000000019b90000,0x0000000019c90000)]
  0x0000000004fc1000 JavaThread "Reference Handler" daemon [_thread_blocked, id=35600, stack(0x0000000019a90000,0x0000000019b90000)]
  0x0000000004ecd800 JavaThread "main" [_thread_blocked, id=40428, stack(0x0000000004d40000,0x0000000004e40000)]

Other Threads:
  0x0000000018905000 VMThread [stack: 0x0000000019990000,0x0000000019a90000] [id=43244]
  0x0000000019d15000 WatcherThread [stack: 0x000000001a690000,0x000000001a790000] [id=24288]

VM state:not at safepoint (normal execution)

VM Mutex/Monitor currently owned by a thread: None

Heap:
 PSYoungGen      total 235008K, used 208050K [0x00000000e0000000, 0x00000000efe80000, 0x0000000100000000)
  eden space 215552K, 87% used [0x00000000e0000000,0x00000000eb830d70,0x00000000ed280000)
  from space 19456K, 99% used [0x00000000eea00000,0x00000000efcfbc38,0x00000000efd00000)
  to   space 22528K, 0% used [0x00000000ed280000,0x00000000ed280000,0x00000000ee880000)
 ParOldGen       total 98816K, used 37389K [0x00000000a0000000, 0x00000000a6080000, 0x00000000e0000000)
  object space 98816K, 37% used [0x00000000a0000000,0x00000000a24834c0,0x00000000a6080000)
 Metaspace       used 75444K, capacity 77824K, committed 78208K, reserved 1118208K
  class space    used 9768K, capacity 10271K, committed 10368K, reserved 1048576K

Card table byte_map: [0x0000000014390000,0x00000000146a0000] byte_map_base: 0x0000000013e90000

Marking Bits: (ParMarkBitMap*) 0x000000006a0c4970
 Begin Bits: [0x0000000014ca0000, 0x00000000164a0000)
 End Bits:   [0x00000000164a0000, 0x0000000017ca0000)

Polling page: 0x0000000004920000

CodeCache: size=245760Kb used=33360Kb max_used=33360Kb free=212399Kb
 bounds [0x0000000004fd0000, 0x00000000070a0000, 0x0000000013fd0000]
 total_blobs=11329 nmethods=10381 adapters=860
 compilation: enabled

Compilation events (10 events):
Event: 196.421 Thread 0x0000000019c9b000 12111       3       com.sun.tools.javac.code.Scope$CompoundScope$CompoundScopeIterator::hasNext (13 bytes)
Event: 196.421 Thread 0x0000000019c9b000 nmethod 12111 0x000000000706f410 code [0x000000000706f560, 0x000000000706f710]
Event: 196.421 Thread 0x0000000019c9b000 12113       3       com.sun.tools.javac.code.Scope$CompoundScope::getElementsByName (11 bytes)
Event: 196.421 Thread 0x0000000019c9b000 nmethod 12113 0x000000000706ee90 code [0x000000000706f000, 0x000000000706f290]
Event: 196.421 Thread 0x0000000019c9b000 12109       3       com.sun.tools.javac.code.Types::union (166 bytes)
Event: 196.423 Thread 0x0000000019c9b000 nmethod 12109 0x000000000707bf10 code [0x000000000707c1e0, 0x000000000707d918]
Event: 196.423 Thread 0x0000000019c9b000 12114       3       com.sun.tools.javac.code.Type$MethodType::getTag (4 bytes)
Event: 196.423 Thread 0x0000000019c9b000 nmethod 12114 0x000000000707e290 code [0x000000000707e3e0, 0x000000000707e530]
Event: 196.423 Thread 0x0000000019c9b000 12116       3       com.sun.tools.javac.code.Scope::getElementsByName (11 bytes)
Event: 196.423 Thread 0x0000000019c9b000 nmethod 12116 0x000000000707e5d0 code [0x000000000707e740, 0x000000000707e9d0]

GC Heap History (10 events):
Event: 11.935 GC heap before
{Heap before GC invocations=11 (full 2):
 PSYoungGen      total 164864K, used 164852K [0x00000000e0000000, 0x00000000ed180000, 0x0000000100000000)
  eden space 152064K, 100% used [0x00000000e0000000,0x00000000e9480000,0x00000000e9480000)
  from space 12800K, 99% used [0x00000000ea300000,0x00000000eaf7d2a0,0x00000000eaf80000)
  to   space 14848K, 0% used [0x00000000e9480000,0x00000000e9480000,0x00000000ea300000)
 ParOldGen       total 98816K, used 21238K [0x00000000a0000000, 0x00000000a6080000, 0x00000000e0000000)
  object space 98816K, 21% used [0x00000000a0000000,0x00000000a14bda58,0x00000000a6080000)
 Metaspace       used 53142K, capacity 54796K, committed 55040K, reserved 1097728K
  class space    used 7253K, capacity 7640K, committed 7680K, reserved 1048576K
Event: 11.961 GC heap after
Heap after GC invocations=11 (full 2):
 PSYoungGen      total 166912K, used 14827K [0x00000000e0000000, 0x00000000edc00000, 0x0000000100000000)
  eden space 152064K, 0% used [0x00000000e0000000,0x00000000e0000000,0x00000000e9480000)
  from space 14848K, 99% used [0x00000000e9480000,0x00000000ea2faec0,0x00000000ea300000)
  to   space 18944K, 0% used [0x00000000ec980000,0x00000000ec980000,0x00000000edc00000)
 ParOldGen       total 98816K, used 26546K [0x00000000a0000000, 0x00000000a6080000, 0x00000000e0000000)
  object space 98816K, 26% used [0x00000000a0000000,0x00000000a19ecb40,0x00000000a6080000)
 Metaspace       used 53142K, capacity 54796K, committed 55040K, reserved 1097728K
  class space    used 7253K, capacity 7640K, committed 7680K, reserved 1048576K
}
Event: 14.253 GC heap before
{Heap before GC invocations=12 (full 2):
 PSYoungGen      total 166912K, used 98501K [0x00000000e0000000, 0x00000000edc00000, 0x0000000100000000)
  eden space 152064K, 55% used [0x00000000e0000000,0x00000000e51b6680,0x00000000e9480000)
  from space 14848K, 99% used [0x00000000e9480000,0x00000000ea2faec0,0x00000000ea300000)
  to   space 18944K, 0% used [0x00000000ec980000,0x00000000ec980000,0x00000000edc00000)
 ParOldGen       total 98816K, used 26546K [0x00000000a0000000, 0x00000000a6080000, 0x00000000e0000000)
  object space 98816K, 26% used [0x00000000a0000000,0x00000000a19ecb40,0x00000000a6080000)
 Metaspace       used 57136K, capacity 58850K, committed 59008K, reserved 1099776K
  class space    used 7784K, capacity 8210K, committed 8320K, reserved 1048576K
Event: 14.298 GC heap after
Heap after GC invocations=12 (full 2):
 PSYoungGen      total 205824K, used 13999K [0x00000000e0000000, 0x00000000ede80000, 0x0000000100000000)
  eden space 186880K, 0% used [0x00000000e0000000,0x00000000e0000000,0x00000000eb680000)
  from space 18944K, 73% used [0x00000000ec980000,0x00000000ed72bf68,0x00000000edc00000)
  to   space 19456K, 0% used [0x00000000eb680000,0x00000000eb680000,0x00000000ec980000)
 ParOldGen       total 98816K, used 34693K [0x00000000a0000000, 0x00000000a6080000, 0x00000000e0000000)
  object space 98816K, 35% used [0x00000000a0000000,0x00000000a21e14f8,0x00000000a6080000)
 Metaspace       used 57136K, capacity 58850K, committed 59008K, reserved 1099776K
  class space    used 7784K, capacity 8210K, committed 8320K, reserved 1048576K
}
Event: 14.298 GC heap before
{Heap before GC invocations=13 (full 3):
 PSYoungGen      total 205824K, used 13999K [0x00000000e0000000, 0x00000000ede80000, 0x0000000100000000)
  eden space 186880K, 0% used [0x00000000e0000000,0x00000000e0000000,0x00000000eb680000)
  from space 18944K, 73% used [0x00000000ec980000,0x00000000ed72bf68,0x00000000edc00000)
  to   space 19456K, 0% used [0x00000000eb680000,0x00000000eb680000,0x00000000ec980000)
 ParOldGen       total 98816K, used 34693K [0x00000000a0000000, 0x00000000a6080000, 0x00000000e0000000)
  object space 98816K, 35% used [0x00000000a0000000,0x00000000a21e14f8,0x00000000a6080000)
 Metaspace       used 57136K, capacity 58850K, committed 59008K, reserved 1099776K
  class space    used 7784K, capacity 8210K, committed 8320K, reserved 1048576K
Event: 14.583 GC heap after
Heap after GC invocations=13 (full 3):
 PSYoungGen      total 205824K, used 0K [0x00000000e0000000, 0x00000000ede80000, 0x0000000100000000)
  eden space 186880K, 0% used [0x00000000e0000000,0x00000000e0000000,0x00000000eb680000)
  from space 18944K, 0% used [0x00000000ec980000,0x00000000ec980000,0x00000000edc00000)
  to   space 19456K, 0% used [0x00000000eb680000,0x00000000eb680000,0x00000000ec980000)
 ParOldGen       total 98816K, used 35711K [0x00000000a0000000, 0x00000000a6080000, 0x00000000e0000000)
  object space 98816K, 36% used [0x00000000a0000000,0x00000000a22dfd30,0x00000000a6080000)
 Metaspace       used 57136K, capacity 58850K, committed 59008K, reserved 1099776K
  class space    used 7784K, capacity 8210K, committed 8320K, reserved 1048576K
}
Event: 127.039 GC heap before
{Heap before GC invocations=14 (full 3):
 PSYoungGen      total 205824K, used 186880K [0x00000000e0000000, 0x00000000ede80000, 0x0000000100000000)
  eden space 186880K, 100% used [0x00000000e0000000,0x00000000eb680000,0x00000000eb680000)
  from space 18944K, 0% used [0x00000000ec980000,0x00000000ec980000,0x00000000edc00000)
  to   space 19456K, 0% used [0x00000000eb680000,0x00000000eb680000,0x00000000ec980000)
 ParOldGen       total 98816K, used 35711K [0x00000000a0000000, 0x00000000a6080000, 0x00000000e0000000)
  object space 98816K, 36% used [0x00000000a0000000,0x00000000a22dfd30,0x00000000a6080000)
 Metaspace       used 64900K, capacity 66802K, committed 66944K, reserved 1107968K
  class space    used 8634K, capacity 9078K, committed 9088K, reserved 1048576K
Event: 127.060 GC heap after
Heap after GC invocations=14 (full 3):
 PSYoungGen      total 206336K, used 12328K [0x00000000e0000000, 0x00000000efd00000, 0x0000000100000000)
  eden space 186880K, 0% used [0x00000000e0000000,0x00000000e0000000,0x00000000eb680000)
  from space 19456K, 63% used [0x00000000eb680000,0x00000000ec28a2e0,0x00000000ec980000)
  to   space 19456K, 0% used [0x00000000eea00000,0x00000000eea00000,0x00000000efd00000)
 ParOldGen       total 98816K, used 35719K [0x00000000a0000000, 0x00000000a6080000, 0x00000000e0000000)
  object space 98816K, 36% used [0x00000000a0000000,0x00000000a22e1d30,0x00000000a6080000)
 Metaspace       used 64900K, capacity 66802K, committed 66944K, reserved 1107968K
  class space    used 8634K, capacity 9078K, committed 9088K, reserved 1048576K
}
Event: 136.806 GC heap before
{Heap before GC invocations=15 (full 3):
 PSYoungGen      total 206336K, used 198927K [0x00000000e0000000, 0x00000000efd00000, 0x0000000100000000)
  eden space 186880K, 99% used [0x00000000e0000000,0x00000000eb639a48,0x00000000eb680000)
  from space 19456K, 63% used [0x00000000eb680000,0x00000000ec28a2e0,0x00000000ec980000)
  to   space 19456K, 0% used [0x00000000eea00000,0x00000000eea00000,0x00000000efd00000)
 ParOldGen       total 98816K, used 35719K [0x00000000a0000000, 0x00000000a6080000, 0x00000000e0000000)
  object space 98816K, 36% used [0x00000000a0000000,0x00000000a22e1d30,0x00000000a6080000)
 Metaspace       used 69173K, capacity 71302K, committed 71552K, reserved 1112064K
  class space    used 9052K, capacity 9530K, committed 9600K, reserved 1048576K
Event: 136.836 GC heap after
Heap after GC invocations=15 (full 3):
 PSYoungGen      total 235008K, used 19439K [0x00000000e0000000, 0x00000000efe80000, 0x0000000100000000)
  eden space 215552K, 0% used [0x00000000e0000000,0x00000000e0000000,0x00000000ed280000)
  from space 19456K, 99% used [0x00000000eea00000,0x00000000efcfbc38,0x00000000efd00000)
  to   space 22528K, 0% used [0x00000000ed280000,0x00000000ed280000,0x00000000ee880000)
 ParOldGen       total 98816K, used 37389K [0x00000000a0000000, 0x00000000a6080000, 0x00000000e0000000)
  object space 98816K, 37% used [0x00000000a0000000,0x00000000a24834c0,0x00000000a6080000)
 Metaspace       used 69173K, capacity 71302K, committed 71552K, reserved 1112064K
  class space    used 9052K, capacity 9530K, committed 9600K, reserved 1048576K
}

Deoptimization events (10 events):
Event: 195.791 Thread 0x000000001bd31000 Uncommon trap: reason=unstable_if action=reinterpret pc=0x0000000006aec76c method=java.lang.CharacterDataLatin1.digit(II)I @ 60
Event: 195.792 Thread 0x000000001bd31000 Uncommon trap: reason=unstable_if action=reinterpret pc=0x000000000654e224 method=java.lang.CharacterDataLatin1.digit(II)I @ 60
Event: 195.882 Thread 0x000000001bd31000 Uncommon trap: reason=unstable_if action=reinterpret pc=0x0000000006ee9f30 method=com.sun.tools.javac.util.Name$Table.equals([BI[BII)Z @ 22
Event: 195.910 Thread 0x000000001bd31000 Uncommon trap: reason=unstable_if action=reinterpret pc=0x0000000006ec1988 method=com.sun.tools.javac.parser.UnicodeReader.scanChar()V @ 37
Event: 195.930 Thread 0x000000001bd31000 Uncommon trap: reason=unstable_if action=reinterpret pc=0x0000000006f220b8 method=com.sun.tools.javac.util.Name$Table.equals([BI[BII)Z @ 22
Event: 195.987 Thread 0x000000001bd31000 Uncommon trap: reason=unstable_if action=reinterpret pc=0x0000000006f4f874 method=com.sun.tools.javac.parser.Scanner.nextToken()V @ 17
Event: 196.067 Thread 0x000000001bd31000 Uncommon trap: reason=predicate action=maybe_recompile pc=0x00000000063c3448 method=java.util.Collections.indexedBinarySearch(Ljava/util/List;Ljava/lang/Object;)I @ 16
Event: 196.291 Thread 0x000000001bd31000 Uncommon trap: reason=unstable_if action=reinterpret pc=0x0000000006ff3ce0 method=com.sun.tools.javac.code.Scope.getIndex(Lcom/sun/tools/javac/util/Name;)I @ 83
Event: 196.338 Thread 0x000000001bd31000 Uncommon trap: reason=unstable_if action=reinterpret pc=0x000000000701bf10 method=com.sun.tools.javac.code.Scope.getIndex(Lcom/sun/tools/javac/util/Name;)I @ 83
Event: 196.341 Thread 0x000000001bd31000 Uncommon trap: reason=unstable_if action=reinterpret pc=0x000000000702e7ec method=com.sun.tools.javac.code.Scope.lookup(Lcom/sun/tools/javac/util/Name;Lcom/sun/tools/javac/util/Filter;)Lcom/sun/tools/javac/code/Scope$Entry; @ 54

Classes redefined (0 events):
No events

Internal exceptions (10 events):
Event: 144.815 Thread 0x000000001bd35000 Exception <a 'java/lang/NoSuchMethodError': <clinit>> (0x00000000e3726718) thrown at [D:\src\AOSP-openjdk-cygwin\jdk8u\hotspot\src\share\vm\prims\jni.cpp, line 1613]
Event: 144.815 Thread 0x000000001bd35000 Exception <a 'java/lang/NoSuchMethodError': <clinit>> (0x00000000e3727a30) thrown at [D:\src\AOSP-openjdk-cygwin\jdk8u\hotspot\src\share\vm\prims\jni.cpp, line 1613]
Event: 144.816 Thread 0x000000001bd35000 Exception <a 'java/lang/NoSuchMethodError': <clinit>> (0x00000000e3731b50) thrown at [D:\src\AOSP-openjdk-cygwin\jdk8u\hotspot\src\share\vm\prims\jni.cpp, line 1613]
Event: 166.161 Thread 0x000000001bda8800 Exception <a 'java/lang/InterruptedException'> (0x00000000e79c9180) thrown at [D:\src\AOSP-openjdk-cygwin\jdk8u\hotspot\src\share\vm\runtime\objectMonitor.cpp, line 1684]
Event: 167.161 Thread 0x000000001bd31000 Exception <a 'java/net/ConnectException': Connection refused: connect> (0x00000000e7927538) thrown at [D:\src\AOSP-openjdk-cygwin\jdk8u\hotspot\src\share\vm\prims\jni.cpp, line 735]
Event: 168.164 Thread 0x000000001bd31000 Exception <a 'java/net/ConnectException': Connection refused: connect> (0x00000000e792ed28) thrown at [D:\src\AOSP-openjdk-cygwin\jdk8u\hotspot\src\share\vm\prims\jni.cpp, line 735]
Event: 170.198 Thread 0x000000001bda5800 Exception <a 'java/lang/InterruptedException'> (0x00000000e7a26d80) thrown at [D:\src\AOSP-openjdk-cygwin\jdk8u\hotspot\src\share\vm\runtime\objectMonitor.cpp, line 1684]
Event: 171.206 Thread 0x000000001bd31000 Exception <a 'java/net/ConnectException': Connection refused: connect> (0x00000000e79a4a58) thrown at [D:\src\AOSP-openjdk-cygwin\jdk8u\hotspot\src\share\vm\prims\jni.cpp, line 735]
Event: 172.209 Thread 0x000000001bd31000 Exception <a 'java/net/ConnectException': Connection refused: connect> (0x00000000e79ac1b0) thrown at [D:\src\AOSP-openjdk-cygwin\jdk8u\hotspot\src\share\vm\prims\jni.cpp, line 735]
Event: 172.234 Thread 0x000000001bda4800 Exception <a 'java/lang/InterruptedException'> (0x00000000e7b29748) thrown at [D:\src\AOSP-openjdk-cygwin\jdk8u\hotspot\src\share\vm\runtime\objectMonitor.cpp, line 1684]

Events (10 events):
Event: 196.427 loading class com/sun/tools/javac/util/Bits$BitsState
Event: 196.427 loading class com/sun/tools/javac/util/Bits$BitsState done
Event: 196.428 loading class com/sun/tools/javac/util/Bits$1
Event: 196.428 loading class com/sun/tools/javac/util/Bits$1 done
Event: 196.429 loading class com/sun/tools/javac/comp/Flow$FlowAnalyzer
Event: 196.429 loading class com/sun/tools/javac/comp/Flow$FlowAnalyzer done
Event: 196.430 loading class com/sun/tools/javac/comp/Flow$FlowAnalyzer$FlowPendingExit
Event: 196.430 loading class com/sun/tools/javac/comp/Flow$FlowAnalyzer$FlowPendingExit done
Event: 196.431 loading class com/sun/tools/javac/comp/Flow$CaptureAnalyzer
Event: 196.431 loading class com/sun/tools/javac/comp/Flow$CaptureAnalyzer done


Dynamic libraries:
0x00007ff77d2d0000 - 0x00007ff77d301000 	D:\Android\AndroidStudio\jre\bin\java.exe
0x00007ffb9ac30000 - 0x00007ffb9ae10000 	C:\Windows\SYSTEM32\ntdll.dll
0x00007ffb990f0000 - 0x00007ffb9919e000 	C:\Windows\System32\KERNEL32.DLL
0x00007ffb97030000 - 0x00007ffb97296000 	C:\Windows\System32\KERNELBASE.dll
0x00007ffb98cf0000 - 0x00007ffb98d91000 	C:\Windows\System32\ADVAPI32.dll
0x00007ffb9a8c0000 - 0x00007ffb9a95d000 	C:\Windows\System32\msvcrt.dll
0x00007ffb9a860000 - 0x00007ffb9a8bb000 	C:\Windows\System32\sechost.dll
0x00007ffb98da0000 - 0x00007ffb98ebf000 	C:\Windows\System32\RPCRT4.dll
0x00007ffb98ec0000 - 0x00007ffb9904e000 	C:\Windows\System32\USER32.dll
0x00007ffb972a0000 - 0x00007ffb972c0000 	C:\Windows\System32\win32u.dll
0x00007ffb9a660000 - 0x00007ffb9a688000 	C:\Windows\System32\GDI32.dll
0x00007ffb97310000 - 0x00007ffb974a1000 	C:\Windows\System32\gdi32full.dll
0x00007ffb97ce0000 - 0x00007ffb97d7b000 	C:\Windows\System32\msvcp_win.dll
0x00007ffb98000000 - 0x00007ffb980f6000 	C:\Windows\System32\ucrtbase.dll
0x00007ffb86ef0000 - 0x00007ffb87159000 	C:\Windows\WinSxS\amd64_microsoft.windows.common-controls_6595b64144ccf1df_6.0.16299.15_none_cc92fb402215d91d\COMCTL32.dll
0x00007ffb98890000 - 0x00007ffb98b98000 	C:\Windows\System32\combase.dll
0x00007ffb97c60000 - 0x00007ffb97cd2000 	C:\Windows\System32\bcryptPrimitives.dll
0x00007ffb981f0000 - 0x00007ffb9821d000 	C:\Windows\System32\IMM32.DLL
0x0000000069820000 - 0x00000000698f2000 	D:\Android\AndroidStudio\jre\jre\bin\msvcr100.dll
0x0000000069900000 - 0x000000006a13f000 	D:\Android\AndroidStudio\jre\jre\bin\server\jvm.dll
0x00007ffb98160000 - 0x00007ffb98168000 	C:\Windows\System32\PSAPI.DLL
0x00007ffb8bdb0000 - 0x00007ffb8bdd3000 	C:\Windows\SYSTEM32\WINMM.dll
0x00007ffb95c70000 - 0x00007ffb95c7a000 	C:\Windows\SYSTEM32\VERSION.dll
0x00007ffb95c90000 - 0x00007ffb95c99000 	C:\Windows\SYSTEM32\WSOCK32.dll
0x00007ffb98170000 - 0x00007ffb981dc000 	C:\Windows\System32\WS2_32.dll
0x00007ffb8bd80000 - 0x00007ffb8bdaa000 	C:\Windows\SYSTEM32\WINMMBASE.dll
0x00007ffb972c0000 - 0x00007ffb9730a000 	C:\Windows\System32\cfgmgr32.dll
0x00007ffb95c80000 - 0x00007ffb95c8f000 	D:\Android\AndroidStudio\jre\jre\bin\verify.dll
0x00007ffb94fc0000 - 0x00007ffb94fe9000 	D:\Android\AndroidStudio\jre\jre\bin\java.dll
0x00007ffb94f10000 - 0x00007ffb94f26000 	D:\Android\AndroidStudio\jre\jre\bin\zip.dll
0x00007ffb99220000 - 0x00007ffb9a657000 	C:\Windows\System32\SHELL32.dll
0x00007ffb98780000 - 0x00007ffb98826000 	C:\Windows\System32\shcore.dll
0x00007ffb97510000 - 0x00007ffb97c57000 	C:\Windows\System32\windows.storage.dll
0x00007ffb98830000 - 0x00007ffb98881000 	C:\Windows\System32\shlwapi.dll
0x00007ffb96fa0000 - 0x00007ffb96fb1000 	C:\Windows\System32\kernel.appcore.dll
0x00007ffb96fc0000 - 0x00007ffb9700c000 	C:\Windows\System32\powrprof.dll
0x00007ffb96f80000 - 0x00007ffb96f9b000 	C:\Windows\System32\profapi.dll
0x00007ffb94ef0000 - 0x00007ffb94f0a000 	D:\Android\AndroidStudio\jre\jre\bin\net.dll
0x00007ffb967b0000 - 0x00007ffb96816000 	C:\Windows\system32\mswsock.dll
0x00007ffb94ed0000 - 0x00007ffb94ee1000 	D:\Android\AndroidStudio\jre\jre\bin\nio.dll
0x00007ffb93d20000 - 0x00007ffb93d3e000 	D:\Android\gradle\native\25\windows-amd64\native-platform.dll
0x00007ffb95bd0000 - 0x00007ffb95bdd000 	D:\Android\AndroidStudio\jre\jre\bin\management.dll
0x00007ffb96970000 - 0x00007ffb96987000 	C:\Windows\SYSTEM32\CRYPTSP.dll
0x00007ffb963c0000 - 0x00007ffb963f3000 	C:\Windows\system32\rsaenh.dll
0x00007ffb96a80000 - 0x00007ffb96aa5000 	C:\Windows\SYSTEM32\bcrypt.dll
0x00007ffb96eb0000 - 0x00007ffb96ed9000 	C:\Windows\SYSTEM32\USERENV.dll
0x00007ffb96990000 - 0x00007ffb9699b000 	C:\Windows\SYSTEM32\CRYPTBASE.dll
0x00007ffb96540000 - 0x00007ffb96579000 	C:\Windows\SYSTEM32\IPHLPAPI.DLL
0x00007ffb981e0000 - 0x00007ffb981e8000 	C:\Windows\System32\NSI.dll
0x00007ffb92b20000 - 0x00007ffb92b36000 	C:\Windows\SYSTEM32\dhcpcsvc6.DLL
0x00007ffb92c10000 - 0x00007ffb92c2a000 	C:\Windows\SYSTEM32\dhcpcsvc.DLL
0x00007ffb94d80000 - 0x00007ffb94d9e000 	C:\Users\Administrator\AppData\Local\Temp\native-platform339324335588817781dir\native-platform.dll
0x00007ffb7e770000 - 0x00007ffb7e906000 	D:\Android\AndroidStudio\jre\jre\bin\awt.dll
0x00007ffb9ab30000 - 0x00007ffb9abf5000 	C:\Windows\System32\OLEAUT32.dll
0x00007ffb8a560000 - 0x00007ffb8ab18000 	C:\Windows\SYSTEM32\d2d1.dll
0x00007ffb97d80000 - 0x00007ffb97f4e000 	C:\Windows\System32\CRYPT32.dll
0x00007ffb97010000 - 0x00007ffb97022000 	C:\Windows\System32\MSASN1.dll
0x00007ffb95020000 - 0x00007ffb950a7000 	C:\Windows\SYSTEM32\apphelp.dll
0x00007ffb955c0000 - 0x00007ffb955ea000 	C:\Windows\system32\DWMAPI.DLL
0x00007ffb952f0000 - 0x00007ffb95385000 	C:\Windows\system32\uxtheme.dll

VM Arguments:
jvm_args: -Xmx1536m -Dfile.encoding=GBK -Duser.country=CN -Duser.language=zh -Duser.variant 
java_command: org.gradle.launcher.daemon.bootstrap.GradleDaemon 4.4
java_class_path (initial): D:\Android\gradle\wrapper\dists\gradle-4.4-all\9br9xq1tocpiv8o6njlyu5op1\gradle-4.4\lib\gradle-launcher-4.4.jar
Launcher Type: SUN_STANDARD

Environment Variables:
PATH=C:\Windows\system32;C:\Windows;C:\Windows\System32\Wbem;C:\Windows\System32\WindowsPowerShell\v1.0\;C:\Program Files (x86)\NVIDIA Corporation\PhysX\Common;C:\Users\Administrator\AppData\Local\Microsoft\WindowsApps;C:\Users\Administrator\AppData\Local\GitHubDesktop\bin
USERNAME=Administrator
OS=Windows_NT
PROCESSOR_IDENTIFIER=Intel64 Family 6 Model 58 Stepping 9, GenuineIntel



---------------  S Y S T E M  ---------------

OS: Windows 10.0 , 64 bit Build 16299 (10.0.16299.15)

CPU:total 4 (initial active 4) (2 cores per cpu, 2 threads per core) family 6 model 58 stepping 9, cmov, cx8, fxsr, mmx, sse, sse2, sse3, ssse3, sse4.1, sse4.2, popcnt, avx, clmul, erms, ht, tsc, tscinvbit, tscinv

Memory: 4k page, physical 8281380k(1095708k free), swap 8281380k(5352k free)

vm_info: OpenJDK 64-Bit Server VM (25.152-b02) for windows-amd64 JRE (1.8.0_152-release-1024-b02), built by "builder" with MS VC++ 10.0 (VS2010)

time: Sun May 13 19:32:17 2018
elapsed time: 196 seconds (0d 0h 3m 16s)

